#
# There is insufficient memory for the Java Runtime Environment to continue.
# Native memory allocation (malloc) failed to allocate 671536 bytes for Chunk::new
# Possible reasons:
#   The system is out of physical RAM or swap space
#   The process is running with CompressedOops enabled, and the Java Heap may be blocking the growth of the native heap
# Possible solutions:
#   Reduce memory load on the system
#   Increase physical memory or swap space
#   Check if swap backing store is full
#   Decrease Java heap size (-Xmx/-Xms)
#   Decrease number of Java threads
#   Decrease Java thread stack sizes (-Xss)
#   Set larger code cache with -XX:ReservedCodeCacheSize=
#   JVM is running with Unscaled Compressed Oops mode in which the Java heap is
#     placed in the first 4GB address space. The Java Heap base address is the
#     maximum limit for the native heap growth. Please use -XX:HeapBaseMinAddress
#     to set the Java Heap base and to place the Java Heap above 4GB virtual address.
# This output file may be truncated or incomplete.
#
#  Out of Memory Error (allocation.cpp:389), pid=7564, tid=0x0000000000001df8
#
# JRE version: OpenJDK Runtime Environment (8.0_202-b03) (build 1.8.0_202-release-1483-b03)
# Java VM: OpenJDK 64-Bit Server VM (25.202-b03 mixed mode windows-amd64 compressed oops)
# Failed to write core dump. Minidumps are not enabled by default on client versions of Windows
#

---------------  T H R E A D  ---------------

Current thread (0x00000000578af000):  JavaThread "C2 CompilerThread1" daemon [_thread_in_native, id=7672, stack(0x0000000057ca0000,0x0000000057da0000)]

Stack: [0x0000000057ca0000,0x0000000057da0000]
[error occurred during error reporting (printing stack bounds), id 0xc0000005]

Native frames: (J=compiled Java code, j=interpreted, Vv=VM code, C=native code)


Current CompileTask:
C2:1625251 33947 % !   4       com.android.tools.r8.dex.c::b @ 242 (2274 bytes)


---------------  P R O C E S S  ---------------

Java Threads: ( => current thread )
  0x0000000058fea000 JavaThread "WorkerExecutor Queue Thread 5" [_thread_blocked, id=6852, stack(0x0000000062730000,0x0000000062830000)]
  0x000000005a355000 JavaThread "Cache worker for Java compile cache (C:\Users\user\AndroidStudioProjects\CHcook\.gradle\5.4.1\javaCompile)" [_thread_blocked, id=6160, stack(0x000000006f7e0000,0x000000006f8e0000)]
  0x0000000068e12000 JavaThread "stdout" [_thread_in_native, id=7844, stack(0x000000006ece0000,0x000000006ede0000)]
  0x0000000068e11000 JavaThread "stderr" [_thread_in_native, id=3144, stack(0x000000006eba0000,0x000000006eca0000)]
  0x0000000068e10800 JavaThread "stdout" [_thread_in_native, id=3912, stack(0x000000006ea50000,0x000000006eb50000)]
  0x000000005acd9000 JavaThread "stderr" [_thread_in_native, id=4080, stack(0x000000006e910000,0x000000006ea10000)]
  0x000000005acd8800 JavaThread "stdout" [_thread_in_native, id=6612, stack(0x000000006e7e0000,0x000000006e8e0000)]
  0x000000005acd7800 JavaThread "stderr" [_thread_in_native, id=6456, stack(0x000000006e580000,0x000000006e680000)]
  0x000000005acd7000 JavaThread "stdout" [_thread_in_native, id=4684, stack(0x000000006e0f0000,0x000000006e1f0000)]
  0x000000005acd6000 JavaThread "stderr" [_thread_in_native, id=5408, stack(0x000000006e1f0000,0x000000006e2f0000)]
  0x000000005acd5800 JavaThread "pool-21-thread-1" [_thread_blocked, id=2520, stack(0x000000006e400000,0x000000006e500000)]
  0x000000005acd4800 JavaThread "WorkerExecutor Queue Thread 4" [_thread_blocked, id=452, stack(0x000000006cd70000,0x000000006ce70000)]
  0x000000005acd4000 JavaThread "WorkerExecutor Queue Thread 3" [_thread_blocked, id=5708, stack(0x0000000067100000,0x0000000067200000)]
  0x000000005acd2800 JavaThread "WorkerExecutor Queue" [_thread_blocked, id=6924, stack(0x000000006cc30000,0x000000006cd30000)]
  0x0000000058fef000 JavaThread "Cache worker for execution history cache (C:\Users\user\AndroidStudioProjects\CHcook\.gradle\5.4.1\executionHistory)" [_thread_blocked, id=3716, stack(0x000000006a8b0000,0x000000006a9b0000)]
  0x000000005f49f000 JavaThread "Execution worker for ':' Thread 3" [_thread_in_vm, id=7304, stack(0x000000006b830000,0x000000006b930000)]
  0x000000005f49a000 JavaThread "Execution worker for ':' Thread 2" [_thread_in_native, id=8060, stack(0x000000006b670000,0x000000006b770000)]
  0x000000005f49d000 JavaThread "Execution worker for ':'" [_thread_in_native, id=5896, stack(0x00000000638e0000,0x00000000639e0000)]
  0x000000005f49c000 JavaThread "Cache worker for file content cache (C:\Users\user\AndroidStudioProjects\CHcook\.gradle\5.4.1\fileContent)" [_thread_blocked, id=7524, stack(0x0000000067920000,0x0000000067a20000)]
  0x0000000058bd5800 JavaThread "Cache worker for Build Output Cleanup Cache (C:\Users\user\AndroidStudioProjects\CHcook\.gradle\buildOutputCleanup)" [_thread_blocked, id=6184, stack(0x0000000068cb0000,0x0000000068db0000)]
  0x0000000058bd4800 JavaThread "Build operations Thread 4" [_thread_blocked, id=8004, stack(0x0000000066080000,0x0000000066180000)]
  0x0000000058bd6000 JavaThread "Build operations Thread 3" [_thread_blocked, id=3176, stack(0x0000000065f20000,0x0000000066020000)]
  0x0000000058bdb800 JavaThread "Build operations Thread 2" [_thread_blocked, id=8112, stack(0x00000000659c0000,0x0000000065ac0000)]
  0x0000000058bd7000 JavaThread "Build operations" [_thread_blocked, id=7516, stack(0x0000000062e80000,0x0000000062f80000)]
  0x000000005a353000 JavaThread "Cache worker for cache directory md-rule (C:\Users\user\.gradle\caches\5.4.1\md-rule)" [_thread_blocked, id=3992, stack(0x000000005b3b0000,0x000000005b4b0000)]
  0x000000005a354800 JavaThread "Cache worker for cache directory md-supplier (C:\Users\user\.gradle\caches\5.4.1\md-supplier)" [_thread_blocked, id=7576, stack(0x000000005d690000,0x000000005d790000)]
  0x000000005a350000 JavaThread "Cache worker for file hash cache (C:\Users\user\AndroidStudioProjects\CHcook\.gradle\5.4.1\fileHashes)" [_thread_blocked, id=6044, stack(0x00000000628b0000,0x00000000629b0000)]
  0x000000005a350800 JavaThread "Thread-226" [_thread_blocked, id=2348, stack(0x000000005c050000,0x000000005c150000)]
  0x0000000061aca800 JavaThread "Asynchronous log dispatcher for DefaultDaemonConnection: socket connection from /127.0.0.1:3429 to /127.0.0.1:3924" [_thread_blocked, id=7552, stack(0x000000005fb90000,0x000000005fc90000)]
  0x0000000061ac9000 JavaThread "Cancel handler" [_thread_blocked, id=356, stack(0x000000005bcf0000,0x000000005bdf0000)]
  0x0000000061ac7800 JavaThread "Handler for socket connection from /127.0.0.1:3429 to /127.0.0.1:3924" [_thread_in_native, id=6312, stack(0x0000000058320000,0x0000000058420000)]
  0x000000005a353800 JavaThread "Daemon worker Thread 6" [_thread_in_native, id=7936, stack(0x0000000061330000,0x0000000061430000)]
  0x0000000061ac6000 JavaThread "Daemon Thread 6" [_thread_blocked, id=6320, stack(0x000000005e240000,0x000000005e340000)]
  0x000000005a34f000 JavaThread "Cache worker for Java compile cache (C:\Users\user\.gradle\caches\5.4.1\javaCompile)" [_thread_blocked, id=7376, stack(0x00000000677f0000,0x00000000678f0000)]
  0x0000000061acd000 JavaThread "RMI Reaper" [_thread_blocked, id=1204, stack(0x0000000067490000,0x0000000067590000)]
  0x0000000061acc000 JavaThread "RMI TCP Accept-0" daemon [_thread_in_native, id=2768, stack(0x0000000067380000,0x0000000067480000)]
  0x0000000061acb800 JavaThread "GC Daemon" daemon [_thread_blocked, id=8172, stack(0x0000000067240000,0x0000000067340000)]
  0x0000000061aca000 JavaThread "RMI Scheduler(0)" daemon [_thread_blocked, id=6368, stack(0x0000000066fe0000,0x00000000670e0000)]
  0x000000005f4a0000 JavaThread "Cache worker for file content cache (C:\Users\user\.gradle\caches\5.4.1\fileContent)" [_thread_blocked, id=2600, stack(0x0000000066550000,0x0000000066650000)]
  0x0000000058fee800 JavaThread "Memory manager" [_thread_blocked, id=7884, stack(0x0000000064be0000,0x0000000064ce0000)]
  0x0000000058fe9000 JavaThread "Cache worker for execution history cache (C:\Users\user\.gradle\caches\5.4.1\executionHistory)" [_thread_blocked, id=7820, stack(0x000000005ffc0000,0x00000000600c0000)]
  0x0000000058fe1800 JavaThread "Cache worker for journal cache (C:\Users\user\.gradle\caches\journal-1)" [_thread_blocked, id=7788, stack(0x000000005c2b0000,0x000000005c3b0000)]
  0x0000000058fe1000 JavaThread "File lock request listener" [_thread_in_native, id=7784, stack(0x000000005c3c0000,0x000000005c4c0000)]
  0x0000000058fe0000 JavaThread "Cache worker for file hash cache (C:\Users\user\.gradle\caches\5.4.1\fileHashes)" [_thread_blocked, id=7780, stack(0x000000005c170000,0x000000005c270000)]
  0x0000000057b58000 JavaThread "Daemon periodic checks" [_thread_blocked, id=7732, stack(0x0000000058110000,0x0000000058210000)]
  0x0000000057ac7800 JavaThread "Incoming local TCP Connector on port 3429" [_thread_in_native, id=7728, stack(0x000000005b6c0000,0x000000005b7c0000)]
  0x00000000599ac800 JavaThread "Daemon health stats" [_thread_blocked, id=7716, stack(0x000000005b090000,0x000000005b190000)]
  0x00000000578b2800 JavaThread "Service Thread" daemon [_thread_blocked, id=7680, stack(0x0000000058430000,0x0000000058530000)]
  0x00000000578b0000 JavaThread "C1 CompilerThread2" daemon [_thread_blocked, id=7676, stack(0x0000000058210000,0x0000000058310000)]
=>0x00000000578af000 JavaThread "C2 CompilerThread1" daemon [_thread_in_native, id=7672, stack(0x0000000057ca0000,0x0000000057da0000)]
  0x000000005661b000 JavaThread "C2 CompilerThread0" daemon [_thread_in_native, id=7668, stack(0x0000000058000000,0x0000000058100000)]
  0x0000000057899000 JavaThread "Attach Listener" daemon [_thread_blocked, id=7664, stack(0x0000000057e40000,0x0000000057f40000)]
  0x0000000057898800 JavaThread "Signal Dispatcher" daemon [_thread_blocked, id=7660, stack(0x0000000057370000,0x0000000057470000)]
  0x00000000565f8800 JavaThread "Finalizer" daemon [_thread_blocked, id=7652, stack(0x0000000057790000,0x0000000057890000)]
  0x00000000565f1800 JavaThread "Reference Handler" daemon [_thread_blocked, id=7648, stack(0x0000000057610000,0x0000000057710000)]
  0x00000000025ee800 JavaThread "main" [_thread_blocked, id=7616, stack(0x0000000002930000,0x0000000002a30000)]

Other Threads:
  0x00000000565a9800 VMThread [stack: 0x00000000574d0000,0x00000000575d0000] [id=7644]
  0x00000000578b4800 WatcherThread [stack: 0x0000000058540000,0x0000000058640000] [id=7684]

VM state:not at safepoint (normal execution)

VM Mutex/Monitor currently owned by a thread: None

OutOfMemory and StackOverflow Exception counts:
OutOfMemoryError java_heap_errors=1

heap address: 0x00000000a0000000, size: 1536 MB, Compressed Oops mode: 32-bit
Narrow klass base: 0x0000000000000000, Narrow klass shift: 0
Compressed class space size: 1073741824 Address: 0x0000000015c20000

Heap:
 PSYoungGen      total 455168K, used 54676K [0x00000000e0000000, 0x00000000ffe80000, 0x0000000100000000)
  eden space 391680K, 12% used [0x00000000e0000000,0x00000000e2ef0230,0x00000000f7e80000)
  from space 63488K, 10% used [0x00000000f7e80000,0x00000000f84f5108,0x00000000fbc80000)
  to   space 61952K, 0% used [0x00000000fc200000,0x00000000fc200000,0x00000000ffe80000)
 ParOldGen       total 251904K, used 151146K [0x00000000a0000000, 0x00000000af600000, 0x00000000e0000000)
  object space 251904K, 60% used [0x00000000a0000000,0x00000000a939a898,0x00000000af600000)
 Metaspace       used 130300K, capacity 137244K, committed 137688K, reserved 1169408K
  class space    used 16087K, capacity 17353K, committed 17664K, reserved 1048576K

Card table byte_map: [0x0000000011df0000,0x0000000012100000] byte_map_base: 0x00000000118f0000

Marking Bits: (ParMarkBitMap*) 0x000000005df99f30
 Begin Bits: [0x0000000012920000, 0x0000000014120000)
 End Bits:   [0x0000000014120000, 0x0000000015920000)

Polling page: 0x0000000000430000

CodeCache: size=245760Kb used=98679Kb max_used=98691Kb free=147080Kb
 bounds [0x0000000002a30000, 0x0000000008b20000, 0x0000000011a30000]
 total_blobs=26566 nmethods=25603 adapters=873
 compilation: enabled

Compilation events (10 events):
Event: 1624.561 Thread 0x000000005661b000 nmethod 33903 0x0000000008aff210 code [0x0000000008aff380, 0x0000000008aff5f8]
Event: 1624.561 Thread 0x000000005661b000 33902       4       java.util.HashMap$EntrySpliterator::characteristics (30 bytes)
Event: 1624.562 Thread 0x000000005661b000 nmethod 33902 0x0000000008105350 code [0x0000000008105480, 0x00000000081054f8]
Event: 1624.562 Thread 0x000000005661b000 33893       4       com.android.tools.r8.n.a.a.a.g.B0$b::nextInt (13 bytes)
Event: 1624.568 Thread 0x000000005661b000 nmethod 33893 0x0000000008b11210 code [0x0000000008b11360, 0x0000000008b11558]
Event: 1624.568 Thread 0x000000005661b000 32063       4       com.android.tools.r8.n.a.a.a.g.B0$b::next (16 bytes)
Event: 1624.576 Thread 0x000000005661b000 nmethod 32063 0x0000000008b10bd0 code [0x0000000008b10d20, 0x0000000008b10f98]
Event: 1624.576 Thread 0x000000005661b000 32064       4       com.android.tools.r8.graph.DebugLocalInfo::equals (60 bytes)
Event: 1624.577 Thread 0x000000005661b000 nmethod 32064 0x000000000493ca50 code [0x000000000493cb80, 0x000000000493cc38]
Event: 1624.578 Thread 0x000000005661b000 32129       4       org.objectweb.asm.commons.Remapper::mapSignature (57 bytes)

GC Heap History (10 events):
Event: 1612.182 GC heap before
{Heap before GC invocations=88 (full 11):
 PSYoungGen      total 449024K, used 387704K [0x00000000e0000000, 0x00000000ffe00000, 0x0000000100000000)
  eden space 377856K, 100% used [0x00000000e0000000,0x00000000f7100000,0x00000000f7100000)
  from space 71168K, 13% used [0x00000000fb880000,0x00000000fc21e1a0,0x00000000ffe00000)
  to   space 72192K, 0% used [0x00000000f7100000,0x00000000f7100000,0x00000000fb780000)
 ParOldGen       total 251904K, used 150002K [0x00000000a0000000, 0x00000000af600000, 0x00000000e0000000)
  object space 251904K, 59% used [0x00000000a0000000,0x00000000a927c878,0x00000000af600000)
 Metaspace       used 130270K, capacity 137170K, committed 137688K, reserved 1169408K
  class space    used 16085K, capacity 17352K, committed 17664K, reserved 1048576K
Event: 1612.216 GC heap after
Heap after GC invocations=88 (full 11):
 PSYoungGen      total 450048K, used 13468K [0x00000000e0000000, 0x00000000ffc00000, 0x0000000100000000)
  eden space 377856K, 0% used [0x00000000e0000000,0x00000000e0000000,0x00000000f7100000)
  from space 72192K, 18% used [0x00000000f7100000,0x00000000f7e27038,0x00000000fb780000)
  to   space 69632K, 0% used [0x00000000fb800000,0x00000000fb800000,0x00000000ffc00000)
 ParOldGen       total 251904K, used 150426K [0x00000000a0000000, 0x00000000af600000, 0x00000000e0000000)
  object space 251904K, 59% used [0x00000000a0000000,0x00000000a92e6888,0x00000000af600000)
 Metaspace       used 130270K, capacity 137170K, committed 137688K, reserved 1169408K
  class space    used 16085K, capacity 17352K, committed 17664K, reserved 1048576K
}
Event: 1613.704 GC heap before
{Heap before GC invocations=89 (full 11):
 PSYoungGen      total 450048K, used 391324K [0x00000000e0000000, 0x00000000ffc00000, 0x0000000100000000)
  eden space 377856K, 100% used [0x00000000e0000000,0x00000000f7100000,0x00000000f7100000)
  from space 72192K, 18% used [0x00000000f7100000,0x00000000f7e27038,0x00000000fb780000)
  to   space 69632K, 0% used [0x00000000fb800000,0x00000000fb800000,0x00000000ffc00000)
 ParOldGen       total 251904K, used 150426K [0x00000000a0000000, 0x00000000af600000, 0x00000000e0000000)
  object space 251904K, 59% used [0x00000000a0000000,0x00000000a92e6888,0x00000000af600000)
 Metaspace       used 130273K, capacity 137170K, committed 137688K, reserved 1169408K
  class space    used 16085K, capacity 17352K, committed 17664K, reserved 1048576K
Event: 1613.732 GC heap after
Heap after GC invocations=89 (full 11):
 PSYoungGen      total 448512K, used 15888K [0x00000000e0000000, 0x00000000ff880000, 0x0000000100000000)
  eden space 382464K, 0% used [0x00000000e0000000,0x00000000e0000000,0x00000000f7580000)
  from space 66048K, 24% used [0x00000000fb800000,0x00000000fc784260,0x00000000ff880000)
  to   space 67072K, 0% used [0x00000000f7580000,0x00000000f7580000,0x00000000fb700000)
 ParOldGen       total 251904K, used 150810K [0x00000000a0000000, 0x00000000af600000, 0x00000000e0000000)
  object space 251904K, 59% used [0x00000000a0000000,0x00000000a9346898,0x00000000af600000)
 Metaspace       used 130273K, capacity 137170K, committed 137688K, reserved 1169408K
  class space    used 16085K, capacity 17352K, committed 17664K, reserved 1048576K
}
Event: 1615.338 GC heap before
{Heap before GC invocations=90 (full 11):
 PSYoungGen      total 448512K, used 398352K [0x00000000e0000000, 0x00000000ff880000, 0x0000000100000000)
  eden space 382464K, 100% used [0x00000000e0000000,0x00000000f7580000,0x00000000f7580000)
  from space 66048K, 24% used [0x00000000fb800000,0x00000000fc784260,0x00000000ff880000)
  to   space 67072K, 0% used [0x00000000f7580000,0x00000000f7580000,0x00000000fb700000)
 ParOldGen       total 251904K, used 150810K [0x00000000a0000000, 0x00000000af600000, 0x00000000e0000000)
  object space 251904K, 59% used [0x00000000a0000000,0x00000000a9346898,0x00000000af600000)
 Metaspace       used 130278K, capacity 137178K, committed 137688K, reserved 1169408K
  class space    used 16086K, capacity 17352K, committed 17664K, reserved 1048576K
Event: 1615.360 GC heap after
Heap after GC invocations=90 (full 11):
 PSYoungGen      total 449536K, used 10507K [0x00000000e0000000, 0x00000000ffe00000, 0x0000000100000000)
  eden space 382464K, 0% used [0x00000000e0000000,0x00000000e0000000,0x00000000f7580000)
  from space 67072K, 15% used [0x00000000f7580000,0x00000000f7fc2f00,0x00000000fb700000)
  to   space 65536K, 0% used [0x00000000fbe00000,0x00000000fbe00000,0x00000000ffe00000)
 ParOldGen       total 251904K, used 150930K [0x00000000a0000000, 0x00000000af600000, 0x00000000e0000000)
  object space 251904K, 59% used [0x00000000a0000000,0x00000000a9364898,0x00000000af600000)
 Metaspace       used 130278K, capacity 137178K, committed 137688K, reserved 1169408K
  class space    used 16086K, capacity 17352K, committed 17664K, reserved 1048576K
}
Event: 1616.614 GC heap before
{Heap before GC invocations=91 (full 11):
 PSYoungGen      total 449536K, used 392971K [0x00000000e0000000, 0x00000000ffe00000, 0x0000000100000000)
  eden space 382464K, 100% used [0x00000000e0000000,0x00000000f7580000,0x00000000f7580000)
  from space 67072K, 15% used [0x00000000f7580000,0x00000000f7fc2f00,0x00000000fb700000)
  to   space 65536K, 0% used [0x00000000fbe00000,0x00000000fbe00000,0x00000000ffe00000)
 ParOldGen       total 251904K, used 150930K [0x00000000a0000000, 0x00000000af600000, 0x00000000e0000000)
  object space 251904K, 59% used [0x00000000a0000000,0x00000000a9364898,0x00000000af600000)
 Metaspace       used 130286K, capacity 137180K, committed 137688K, reserved 1169408K
  class space    used 16087K, capacity 17353K, committed 17664K, reserved 1048576K
Event: 1616.632 GC heap after
Heap after GC invocations=91 (full 11):
 PSYoungGen      total 453632K, used 10662K [0x00000000e0000000, 0x00000000ffa80000, 0x0000000100000000)
  eden space 391680K, 0% used [0x00000000e0000000,0x00000000e0000000,0x00000000f7e80000)
  from space 61952K, 17% used [0x00000000fbe00000,0x00000000fc869ae8,0x00000000ffa80000)
  to   space 63488K, 0% used [0x00000000f7e80000,0x00000000f7e80000,0x00000000fbc80000)
 ParOldGen       total 251904K, used 150954K [0x00000000a0000000, 0x00000000af600000, 0x00000000e0000000)
  object space 251904K, 59% used [0x00000000a0000000,0x00000000a936a898,0x00000000af600000)
 Metaspace       used 130286K, capacity 137180K, committed 137688K, reserved 1169408K
  class space    used 16087K, capacity 17353K, committed 17664K, reserved 1048576K
}
Event: 1623.698 GC heap before
{Heap before GC invocations=92 (full 11):
 PSYoungGen      total 453632K, used 402342K [0x00000000e0000000, 0x00000000ffa80000, 0x0000000100000000)
  eden space 391680K, 100% used [0x00000000e0000000,0x00000000f7e80000,0x00000000f7e80000)
  from space 61952K, 17% used [0x00000000fbe00000,0x00000000fc869ae8,0x00000000ffa80000)
  to   space 63488K, 0% used [0x00000000f7e80000,0x00000000f7e80000,0x00000000fbc80000)
 ParOldGen       total 251904K, used 150954K [0x00000000a0000000, 0x00000000af600000, 0x00000000e0000000)
  object space 251904K, 59% used [0x00000000a0000000,0x00000000a936a898,0x00000000af600000)
 Metaspace       used 130298K, capacity 137244K, committed 137688K, reserved 1169408K
  class space    used 16087K, capacity 17353K, committed 17664K, reserved 1048576K
Event: 1623.754 GC heap after
Heap after GC invocations=92 (full 11):
 PSYoungGen      total 455168K, used 6612K [0x00000000e0000000, 0x00000000ffe80000, 0x0000000100000000)
  eden space 391680K, 0% used [0x00000000e0000000,0x00000000e0000000,0x00000000f7e80000)
  from space 63488K, 10% used [0x00000000f7e80000,0x00000000f84f5108,0x00000000fbc80000)
  to   space 61952K, 0% used [0x00000000fc200000,0x00000000fc200000,0x00000000ffe80000)
 ParOldGen       total 251904K, used 151146K [0x00000000a0000000, 0x00000000af600000, 0x00000000e0000000)
  object space 251904K, 60% used [0x00000000a0000000,0x00000000a939a898,0x00000000af600000)
 Metaspace       used 130298K, capacity 137244K, committed 137688K, reserved 1169408K
  class space    used 16087K, capacity 17353K, committed 17664K, reserved 1048576K
}

Deoptimization events (10 events):
Event: 1615.407 Thread 0x000000005f49d000 Uncommon trap: reason=null_check action=make_not_entrant pc=0x0000000005011e44 method=com.android.tools.r8.ir.analysis.type.ArrayTypeLatticeElement.getOrCreateVariant(Lcom/android/tools/r8/ir/analysis/type/Nullability;)Lcom/android/tools/r8/ir/analysis/ty
Event: 1617.709 Thread 0x000000005a353800 Uncommon trap: reason=predicate action=maybe_recompile pc=0x000000000878d870 method=java.util.TimSort.mergeLo(IIII)V @ 153
Event: 1618.898 Thread 0x000000005f49d000 Uncommon trap: reason=predicate action=maybe_recompile pc=0x000000000878fbd8 method=java.util.TimSort.mergeHi(IIII)V @ 191
Event: 1621.529 Thread 0x000000005f49a000 Uncommon trap: reason=class_check action=maybe_recompile pc=0x0000000007d86028 method=com.android.tools.r8.ir.optimize.CodeRewriter.a(Lcom/android/tools/r8/ir/code/NewArrayEmpty;Lcom/android/tools/r8/ir/code/BasicBlock;I)[Lcom/android/tools/r8/ir/code/k; 
Event: 1621.791 Thread 0x000000005f49a000 Uncommon trap: reason=unstable_if action=reinterpret pc=0x000000000867c508 method=com.android.tools.r8.ir.conversion.IRBuilder.a(Lcom/android/tools/r8/ir/code/Position;)V @ 86
Event: 1622.372 Thread 0x000000005f49a000 Uncommon trap: reason=array_check action=maybe_recompile pc=0x00000000089e88f0 method=java.util.TimSort.mergeHi(IIII)V @ 282
Event: 1622.373 Thread 0x000000005f49a000 Uncommon trap: reason=array_check action=maybe_recompile pc=0x00000000089e8870 method=java.util.TimSort.mergeHi(IIII)V @ 250
Event: 1622.373 Thread 0x000000005f49a000 Uncommon trap: reason=array_check action=maybe_recompile pc=0x00000000089e88f0 method=java.util.TimSort.mergeHi(IIII)V @ 282
Event: 1622.373 Thread 0x000000005f49a000 Uncommon trap: reason=array_check action=maybe_recompile pc=0x00000000089c1e88 method=java.util.TimSort.mergeLo(IIII)V @ 212
Event: 1623.677 Thread 0x000000005f49d000 Uncommon trap: reason=unstable_if action=reinterpret pc=0x0000000007d86278 method=com.android.tools.r8.ir.optimize.CodeRewriter.a(Lcom/android/tools/r8/ir/code/NewArrayEmpty;Lcom/android/tools/r8/ir/code/BasicBlock;I)[Lcom/android/tools/r8/ir/code/k; @ 4

Classes redefined (0 events):
No events

Internal exceptions (10 events):
Event: 1621.125 Thread 0x000000005f49d000 Exception <a 'sun/nio/fs/WindowsException'> (0x00000000ea1d2358) thrown at [D:\src\AOSP-openjdk-cygwin\jdk8u\hotspot\src\share\vm\prims\jni.cpp, line 710]
Event: 1621.133 Thread 0x000000005a353800 Exception <a 'sun/nio/fs/WindowsException'> (0x00000000edd1bd48) thrown at [D:\src\AOSP-openjdk-cygwin\jdk8u\hotspot\src\share\vm\prims\jni.cpp, line 710]
Event: 1621.136 Thread 0x000000005f49d000 Exception <a 'sun/nio/fs/WindowsException'> (0x00000000ea32b4a0) thrown at [D:\src\AOSP-openjdk-cygwin\jdk8u\hotspot\src\share\vm\prims\jni.cpp, line 710]
Event: 1621.399 Thread 0x000000005f49a000 Exception <a 'sun/nio/fs/WindowsException'> (0x00000000ee22f100) thrown at [D:\src\AOSP-openjdk-cygwin\jdk8u\hotspot\src\share\vm\prims\jni.cpp, line 710]
Event: 1622.408 Thread 0x000000005f49a000 Exception <a 'sun/nio/fs/WindowsException'> (0x00000000f69b2ac0) thrown at [D:\src\AOSP-openjdk-cygwin\jdk8u\hotspot\src\share\vm\prims\jni.cpp, line 710]
Event: 1623.272 Thread 0x000000005f49f000 Exception <a 'sun/nio/fs/WindowsException'> (0x00000000f564d718) thrown at [D:\src\AOSP-openjdk-cygwin\jdk8u\hotspot\src\share\vm\prims\jni.cpp, line 710]
Event: 1623.276 Thread 0x000000005f49f000 Exception <a 'sun/nio/fs/WindowsException'> (0x00000000f5689050) thrown at [D:\src\AOSP-openjdk-cygwin\jdk8u\hotspot\src\share\vm\prims\jni.cpp, line 710]
Event: 1623.627 Thread 0x000000005f49d000 Exception <a 'sun/nio/fs/WindowsException'> (0x00000000f6140c10) thrown at [D:\src\AOSP-openjdk-cygwin\jdk8u\hotspot\src\share\vm\prims\jni.cpp, line 710]
Event: 1624.521 Thread 0x000000005f49d000 Exception <a 'sun/nio/fs/WindowsException'> (0x00000000e21c6500) thrown at [D:\src\AOSP-openjdk-cygwin\jdk8u\hotspot\src\share\vm\prims\jni.cpp, line 710]
Event: 1624.597 Thread 0x000000005f49f000 Exception <a 'sun/nio/fs/WindowsException'> (0x00000000e2972748) thrown at [D:\src\AOSP-openjdk-cygwin\jdk8u\hotspot\src\share\vm\prims\jni.cpp, line 710]

Events (10 events):
Event: 1623.788 Executing VM operation: RevokeBias
Event: 1623.920 Executing VM operation: RevokeBias done
Event: 1623.951 Executing VM operation: RevokeBias
Event: 1624.075 Executing VM operation: RevokeBias done
Event: 1624.081 Thread 0x000000005f49d000 DEOPT PACKING pc=0x0000000006046912 sp=0x00000000639dd660
Event: 1624.081 Thread 0x000000005f49d000 DEOPT UNPACKING pc=0x0000000002a775d0 sp=0x00000000639dd3c0 mode 0
Event: 1624.081 Thread 0x000000005f49d000 DEOPT PACKING pc=0x0000000006049444 sp=0x00000000639dd780
Event: 1624.081 Thread 0x000000005f49d000 DEOPT UNPACKING pc=0x0000000002a775d0 sp=0x00000000639dd550 mode 0
Event: 1624.299 Thread 0x000000005f49d000 DEOPT PACKING pc=0x0000000005d33d16 sp=0x00000000639dd130
Event: 1624.516 Thread 0x000000005f49d000 DEOPT UNPACKING pc=0x0000000002a775d0 sp=0x00000000639dce70 mode 0


Dynamic libraries:
0x000000013f830000 - 0x000000013f861000 	C:\Program Files\Android\Android Studio\jre\bin\java.exe
0x0000000077050000 - 0x00000000771f9000 	C:\Windows\SYSTEM32\ntdll.dll
0x0000000076e30000 - 0x0000000076f4f000 	C:\Windows\system32\kernel32.dll
0x000007fefd2c0000 - 0x000007fefd32b000 	C:\Windows\system32\KERNELBASE.dll
0x000007fefdde0000 - 0x000007fefdebb000 	C:\Windows\system32\ADVAPI32.dll
0x000007fefd370000 - 0x000007fefd40f000 	C:\Windows\system32\msvcrt.dll
0x000007fefd670000 - 0x000007fefd68f000 	C:\Windows\SYSTEM32\sechost.dll
0x000007fefefd0000 - 0x000007feff0fd000 	C:\Windows\system32\RPCRT4.dll
0x0000000076f50000 - 0x000000007704a000 	C:\Windows\system32\USER32.dll
0x000007fefd940000 - 0x000007fefd9a7000 	C:\Windows\system32\GDI32.dll
0x000007fefdbd0000 - 0x000007fefdbde000 	C:\Windows\system32\LPK.dll
0x000007fefd690000 - 0x000007fefd759000 	C:\Windows\system32\USP10.dll
0x000007fefb440000 - 0x000007fefb634000 	C:\Windows\WinSxS\amd64_microsoft.windows.common-controls_6595b64144ccf1df_6.0.7601.17514_none_fa396087175ac9ac\COMCTL32.dll
0x000007fefd760000 - 0x000007fefd7d1000 	C:\Windows\system32\SHLWAPI.dll
0x000007fefddb0000 - 0x000007fefddde000 	C:\Windows\system32\IMM32.DLL
0x000007fefd7e0000 - 0x000007fefd8e9000 	C:\Windows\system32\MSCTF.dll
0x0000000062ff0000 - 0x00000000630c2000 	C:\Program Files\Android\Android Studio\jre\jre\bin\msvcr100.dll
0x000000005d7d0000 - 0x000000005e016000 	C:\Program Files\Android\Android Studio\jre\jre\bin\server\jvm.dll
0x000007fef4260000 - 0x000007fef4269000 	C:\Windows\system32\WSOCK32.dll
0x000007fefd8f0000 - 0x000007fefd93d000 	C:\Windows\system32\WS2_32.dll
0x000007fefed50000 - 0x000007fefed58000 	C:\Windows\system32\NSI.dll
0x000007fefbc20000 - 0x000007fefbc5b000 	C:\Windows\system32\WINMM.dll
0x000007fefc100000 - 0x000007fefc10c000 	C:\Windows\system32\VERSION.dll
0x0000000077210000 - 0x0000000077217000 	C:\Windows\system32\PSAPI.DLL
0x000007fef05c0000 - 0x000007fef05cf000 	C:\Program Files\Android\Android Studio\jre\jre\bin\verify.dll
0x000007fef0590000 - 0x000007fef05b9000 	C:\Program Files\Android\Android Studio\jre\jre\bin\java.dll
0x000007fef0560000 - 0x000007fef0576000 	C:\Program Files\Android\Android Studio\jre\jre\bin\zip.dll
0x000007fefdfa0000 - 0x000007fefed28000 	C:\Windows\system32\SHELL32.dll
0x000007fefedc0000 - 0x000007fefefc3000 	C:\Windows\system32\ole32.dll
0x000007fefcfa0000 - 0x000007fefcfaf000 	C:\Windows\system32\profapi.dll
0x000007fef0540000 - 0x000007fef055a000 	C:\Program Files\Android\Android Studio\jre\jre\bin\net.dll
0x000007fefc810000 - 0x000007fefc865000 	C:\Windows\system32\mswsock.dll
0x000007fefc800000 - 0x000007fefc807000 	C:\Windows\System32\wship6.dll
0x000007fef04d0000 - 0x000007fef04e1000 	C:\Program Files\Android\Android Studio\jre\jre\bin\nio.dll
0x000007fed9400000 - 0x000007fed9426000 	C:\Users\user\.gradle\native\29\windows-amd64\native-platform.dll
0x000007fef8a60000 - 0x000007fef8a63000 	C:\Windows\system32\api-ms-win-core-synch-l1-2-0.DLL
0x000007fef0440000 - 0x000007fef044d000 	C:\Program Files\Android\Android Studio\jre\jre\bin\management.dll
0x000007fefc870000 - 0x000007fefc887000 	C:\Windows\system32\CRYPTSP.dll
0x000007fefc570000 - 0x000007fefc5b7000 	C:\Windows\system32\rsaenh.dll
0x000007fefc2f0000 - 0x000007fefc30e000 	C:\Windows\system32\USERENV.dll
0x000007fefced0000 - 0x000007fefcedf000 	C:\Windows\system32\CRYPTBASE.dll
0x000007fef9fc0000 - 0x000007fef9fe7000 	C:\Windows\system32\IPHLPAPI.DLL
0x000007fef9fa0000 - 0x000007fef9fab000 	C:\Windows\system32\WINNSI.DLL
0x000007fef9db0000 - 0x000007fef9dc8000 	C:\Windows\system32\dhcpcsvc.DLL
0x000007fef9d90000 - 0x000007fef9da1000 	C:\Windows\system32\dhcpcsvc6.DLL
0x000007fed9960000 - 0x000007fed9984000 	C:\Program Files\Android\Android Studio\jre\jre\bin\sunec.dll
0x000007fefc1d0000 - 0x000007fefc1d7000 	C:\Windows\System32\wshtcpip.dll
0x000007fefc690000 - 0x000007fefc6eb000 	C:\Windows\system32\DNSAPI.dll
0x000007fef17b0000 - 0x000007fef17b8000 	C:\Windows\system32\rasadhlp.dll
0x000007fef9e50000 - 0x000007fef9ea3000 	C:\Windows\System32\fwpuclnt.dll
0x000007feee3d0000 - 0x000007feee3db000 	C:\Program Files\Android\Android Studio\jre\jre\bin\sunmscapi.dll
0x000007fefd150000 - 0x000007fefd2b7000 	C:\Windows\system32\CRYPT32.dll
0x000007fefd040000 - 0x000007fefd04f000 	C:\Windows\system32\MSASN1.dll
0x000007fefb090000 - 0x000007fefb0ae000 	C:\Users\user\AppData\Local\Temp\native-platform4337406863712951267dir\native-platform.dll
0x000007fefce70000 - 0x000007fefcec7000 	C:\Windows\system32\apphelp.dll

VM Arguments:
jvm_args: -Xmx1536m -Dfile.encoding=GBK -Duser.country=US -Duser.language=en -Duser.variant 
java_command: org.gradle.launcher.daemon.bootstrap.GradleDaemon 5.4.1
java_class_path (initial): C:\Users\user\.gradle\wrapper\dists\gradle-5.4.1-all\3221gyojl5jsh0helicew7rwx\gradle-5.4.1\lib\gradle-launcher-5.4.1.jar
Launcher Type: SUN_STANDARD

Environment Variables:
PATH=C:\app\user\product\18.0.0\dbhomeXE\bin;C:\oraclexe\app\oracle\product\11.2.0\server\bin;C:\ProgramData\Oracle\Java\javapath;C:\Windows\system32;C:\Windows;C:\Windows\System32\Wbem;C:\Windows\System32\WindowsPowerShell\v1.0\;C:\Program Files\dotnet\;C:\Program Files\Microsoft SQL Server\130\Tools\Binn\;C:\Program Files\Microsoft SQL Server\Client SDK\ODBC\170\Tools\Binn\;C:\Program Files\Git\cmd;C:\Program Files\IBM\SPSS\Statistics\25\JRE\bin;C:\Program Files\Java\jdk-13.0.2\bin
USERNAME=user
OS=Windows_NT
PROCESSOR_IDENTIFIER=Intel64 Family 6 Model 42 Stepping 7, GenuineIntel



---------------  S Y S T E M  ---------------

OS: Windows 7 , 64 bit Build 7601 (6.1.7601.18015)

CPU:total 4 (initial active 4) (2 cores per cpu, 2 threads per core) family 6 model 42 stepping 7, cmov, cx8, fxsr, mmx, sse, sse2, sse3, ssse3, sse4.1, sse4.2, popcnt, avx, aes, clmul, ht, tsc, tscinvbit

Memory: 4k page, physical 4073704k(151812k free), swap 9058604k(5000k free)

vm_info: OpenJDK 64-Bit Server VM (25.202-b03) for windows-amd64 JRE (1.8.0_202-release-1483-b03), built by "builder" with MS VC++ 10.0 (VS2010)

time: Wed Nov 04 20:47:17 2020
timezone: Malay Peninsula Standard Time
elapsed time: 1624 seconds (0d 0h 27m 4s)

