#
# There is insufficient memory for the Java Runtime Environment to continue.
# Native memory allocation (malloc) failed to allocate 32744 bytes for ChunkPool::allocate
# Possible reasons:
#   The system is out of physical RAM or swap space
#   The process is running with CompressedOops enabled, and the Java Heap may be blocking the growth of the native heap
# Possible solutions:
#   Reduce memory load on the system
#   Increase physical memory or swap space
#   Check if swap backing store is full
#   Decrease Java heap size (-Xmx/-Xms)
#   Decrease number of Java threads
#   Decrease Java thread stack sizes (-Xss)
#   Set larger code cache with -XX:ReservedCodeCacheSize=
#   JVM is running with Unscaled Compressed Oops mode in which the Java heap is
#     placed in the first 4GB address space. The Java Heap base address is the
#     maximum limit for the native heap growth. Please use -XX:HeapBaseMinAddress
#     to set the Java Heap base and to place the Java Heap above 4GB virtual address.
# This output file may be truncated or incomplete.
#
#  Out of Memory Error (allocation.cpp:272), pid=6624, tid=0x00000000000018f4
#
# JRE version: OpenJDK Runtime Environment (8.0_202-b03) (build 1.8.0_202-release-1483-b03)
# Java VM: OpenJDK 64-Bit Server VM (25.202-b03 mixed mode windows-amd64 compressed oops)
# Failed to write core dump. Minidumps are not enabled by default on client versions of Windows
#

---------------  T H R E A D  ---------------

Current thread (0x000000005642f000):  JavaThread "C2 CompilerThread0" daemon [_thread_in_native, id=6388, stack(0x0000000058200000,0x0000000058300000)]

Stack: [0x0000000058200000,0x0000000058300000]
[error occurred during error reporting (printing stack bounds), id 0xc0000005]

Native frames: (J=compiled Java code, j=interpreted, Vv=VM code, C=native code)


Current CompileTask:
C2:3882570 31671       4       org.gradle.api.internal.artifacts.ivyservice.resolveengine.graph.builder.ComponentState::getSelectionReason (107 bytes)


---------------  P R O C E S S  ---------------

Java Threads: ( => current thread )
  0x0000000057c14800 JavaThread "Build operations Thread 4" [_thread_blocked, id=7528, stack(0x0000000066700000,0x0000000066800000)]
  0x00000000607aa000 JavaThread "Build operations Thread 3" [_thread_in_Java, id=7940, stack(0x0000000065e20000,0x0000000065f20000)]
  0x00000000607ac000 JavaThread "Build operations Thread 2" [_thread_blocked, id=3692, stack(0x0000000062370000,0x0000000062470000)]
  0x00000000607ad800 JavaThread "Build operations" [_thread_in_native, id=7632, stack(0x0000000065870000,0x0000000065970000)]
  0x00000000607ae800 JavaThread "Cache worker for cache directory md-rule (C:\Users\user\.gradle\caches\5.4.1\md-rule)" [_thread_blocked, id=7128, stack(0x0000000061720000,0x0000000061820000)]
  0x00000000607ad000 JavaThread "Cache worker for cache directory md-supplier (C:\Users\user\.gradle\caches\5.4.1\md-supplier)" [_thread_blocked, id=5048, stack(0x00000000628b0000,0x00000000629b0000)]
  0x00000000607a8800 JavaThread "Cache worker for file hash cache (C:\Users\user\AndroidStudioProjects\CHcook\.gradle\5.4.1\fileHashes)" [_thread_blocked, id=6548, stack(0x0000000061c40000,0x0000000061d40000)]
  0x00000000607ab800 JavaThread "Thread-346" [_thread_blocked, id=3908, stack(0x0000000061820000,0x0000000061920000)]
  0x00000000607a9000 JavaThread "Stdin handler" [_thread_blocked, id=3748, stack(0x000000005eb70000,0x000000005ec70000)]
  0x000000005f80d000 JavaThread "Asynchronous log dispatcher for DefaultDaemonConnection: socket connection from /127.0.0.1:1508 to /127.0.0.1:2696" [_thread_blocked, id=6384, stack(0x000000005b2b0000,0x000000005b3b0000)]
  0x000000005f80c000 JavaThread "Daemon worker Thread 9" [_thread_blocked, id=3376, stack(0x000000005ae80000,0x000000005af80000)]
  0x000000005f80a800 JavaThread "Cancel handler" [_thread_blocked, id=7120, stack(0x000000005a790000,0x000000005a890000)]
  0x000000005f80a000 JavaThread "Handler for socket connection from /127.0.0.1:1508 to /127.0.0.1:2696" [_thread_in_native, id=5180, stack(0x0000000058530000,0x0000000058630000)]
  0x000000005bc3e000 JavaThread "Daemon Thread 9" [_thread_blocked, id=5508, stack(0x000000005aca0000,0x000000005ada0000)]
  0x0000000058a3a000 JavaThread "Cache worker for Java compile cache (C:\Users\user\.gradle\caches\5.4.1\javaCompile)" [_thread_blocked, id=3448, stack(0x0000000069840000,0x0000000069940000)]
  0x0000000058a37800 JavaThread "RMI Reaper" [_thread_blocked, id=4932, stack(0x0000000069000000,0x0000000069100000)]
  0x000000005e3a3800 JavaThread "RMI TCP Accept-0" daemon [_thread_in_native, id=5456, stack(0x0000000068ee0000,0x0000000068fe0000)]
  0x0000000058a37000 JavaThread "GC Daemon" daemon [_thread_blocked, id=3196, stack(0x0000000068be0000,0x0000000068ce0000)]
  0x000000005e3a0800 JavaThread "RMI Scheduler(0)" daemon [_thread_blocked, id=4684, stack(0x0000000067f80000,0x0000000068080000)]
  0x000000005fb78000 JavaThread "Cache worker for file content cache (C:\Users\user\.gradle\caches\5.4.1\fileContent)" [_thread_blocked, id=5836, stack(0x0000000064490000,0x0000000064590000)]
  0x0000000057c18000 JavaThread "Memory manager" [_thread_blocked, id=5852, stack(0x0000000065250000,0x0000000065350000)]
  0x0000000057c11800 JavaThread "Cache worker for execution history cache (C:\Users\user\.gradle\caches\5.4.1\executionHistory)" [_thread_blocked, id=3016, stack(0x0000000061d90000,0x0000000061e90000)]
  0x0000000057c0b000 JavaThread "Cache worker for journal cache (C:\Users\user\.gradle\caches\journal-1)" [_thread_blocked, id=652, stack(0x000000005b5b0000,0x000000005b6b0000)]
  0x0000000057c0a000 JavaThread "File lock request listener" [_thread_in_native, id=2376, stack(0x000000005b0c0000,0x000000005b1c0000)]
  0x0000000057c09800 JavaThread "Cache worker for file hash cache (C:\Users\user\.gradle\caches\5.4.1\fileHashes)" [_thread_blocked, id=828, stack(0x000000005b430000,0x000000005b530000)]
  0x0000000057c73000 JavaThread "Daemon periodic checks" [_thread_blocked, id=3504, stack(0x000000005a5e0000,0x000000005a6e0000)]
  0x00000000599c5000 JavaThread "Incoming local TCP Connector on port 1508" [_thread_in_native, id=3980, stack(0x000000005a4d0000,0x000000005a5d0000)]
  0x0000000059a84800 JavaThread "Daemon health stats" [_thread_blocked, id=6284, stack(0x0000000059ff0000,0x000000005a0f0000)]
  0x0000000057ae0000 JavaThread "Service Thread" daemon [_thread_blocked, id=2564, stack(0x00000000583f0000,0x00000000584f0000)]
  0x0000000057acd800 JavaThread "C1 CompilerThread2" daemon [_thread_blocked, id=2000, stack(0x00000000580a0000,0x00000000581a0000)]
  0x0000000057a85000 JavaThread "C2 CompilerThread1" daemon [_thread_in_native, id=6120, stack(0x0000000057e60000,0x0000000057f60000)]
=>0x000000005642f000 JavaThread "C2 CompilerThread0" daemon [_thread_in_native, id=6388, stack(0x0000000058200000,0x0000000058300000)]
  0x000000005642e000 JavaThread "Attach Listener" daemon [_thread_blocked, id=5076, stack(0x0000000057f80000,0x0000000058080000)]
  0x0000000057a58800 JavaThread "Signal Dispatcher" daemon [_thread_blocked, id=1344, stack(0x00000000577e0000,0x00000000578e0000)]
  0x0000000056408800 JavaThread "Finalizer" daemon [_thread_blocked, id=5632, stack(0x0000000057950000,0x0000000057a50000)]
  0x0000000056401800 JavaThread "Reference Handler" daemon [_thread_blocked, id=5756, stack(0x0000000057690000,0x0000000057790000)]
  0x000000000259e800 JavaThread "main" [_thread_blocked, id=6888, stack(0x0000000002880000,0x0000000002980000)]

Other Threads:
  0x00000000563b9800 VMThread [stack: 0x0000000057500000,0x0000000057600000] [id=5496]
  0x0000000057ae2000 WatcherThread [stack: 0x00000000586c0000,0x00000000587c0000] [id=6896]

VM state:not at safepoint (normal execution)

VM Mutex/Monitor currently owned by a thread: None

heap address: 0x00000000a0000000, size: 1536 MB, Compressed Oops mode: 32-bit
Narrow klass base: 0x0000000000000000, Narrow klass shift: 0
Compressed class space size: 1073741824 Address: 0x0000000015a30000

Heap:
 PSYoungGen      total 374272K, used 40975K [0x00000000e0000000, 0x00000000ff480000, 0x0000000100000000)
  eden space 253440K, 14% used [0x00000000e0000000,0x00000000e22e1118,0x00000000ef780000)
  from space 120832K, 4% used [0x00000000f7e80000,0x00000000f83a2e88,0x00000000ff480000)
  to   space 129536K, 0% used [0x00000000ef780000,0x00000000ef780000,0x00000000f7600000)
 ParOldGen       total 286208K, used 91988K [0x00000000a0000000, 0x00000000b1780000, 0x00000000e0000000)
  object space 286208K, 32% used [0x00000000a0000000,0x00000000a59d5158,0x00000000b1780000)
 Metaspace       used 130628K, capacity 136298K, committed 136536K, reserved 1169408K
  class space    used 15715K, capacity 16699K, committed 16768K, reserved 1048576K

Card table byte_map: [0x0000000011d40000,0x0000000012050000] byte_map_base: 0x0000000011840000

Marking Bits: (ParMarkBitMap*) 0x0000000064f69f30
 Begin Bits: [0x0000000012730000, 0x0000000013f30000)
 End Bits:   [0x0000000013f30000, 0x0000000015730000)

Polling page: 0x0000000000230000

CodeCache: size=245760Kb used=87271Kb max_used=87557Kb free=158488Kb
 bounds [0x0000000002980000, 0x0000000007f90000, 0x0000000011980000]
 total_blobs=24022 nmethods=23093 adapters=839
 compilation: enabled

Compilation events (10 events):
Event: 3880.933 Thread 0x000000005642f000 31667       4       org.gradle.api.internal.artifacts.ivyservice.ivyresolve.DefaultVersionedComponentChooser::isRejectedComponent (16 bytes)
Event: 3880.935 Thread 0x000000005642f000 nmethod 31667 0x0000000004855390 code [0x00000000048554e0, 0x0000000004855638]
Event: 3880.944 Thread 0x0000000057a85000 31668       4       org.gradle.api.internal.artifacts.ivyservice.resolveengine.ComponentResolversChain$ComponentMetaDataResolverChain::resolve (57 bytes)
Event: 3880.944 Thread 0x000000005642f000 31669       4       org.gradle.api.internal.artifacts.ivyservice.resolveengine.VirtualComponentMetadataResolver::resolve (25 bytes)
Event: 3880.945 Thread 0x000000005642f000 nmethod 31669 0x0000000005ecbc50 code [0x0000000005ecbd80, 0x0000000005ecbe38]
Event: 3880.951 Thread 0x0000000057a85000 nmethod 31668 0x0000000006cad6d0 code [0x0000000006cad840, 0x0000000006cadbd8]
Event: 3881.015 Thread 0x0000000057acd800 31670       3       com.google.common.collect.ImmutableSet::equals (50 bytes)
Event: 3881.016 Thread 0x0000000057acd800 nmethod 31670 0x0000000004d9c310 code [0x0000000004d9c4e0, 0x0000000004d9cc88]
Event: 3881.026 Thread 0x000000005642f000 31671       4       org.gradle.api.internal.artifacts.ivyservice.resolveengine.graph.builder.ComponentState::getSelectionReason (107 bytes)
Event: 3881.026 Thread 0x0000000057a85000 31672       4       org.gradle.api.internal.artifacts.ivyservice.resolveengine.result.StreamingResolutionResultBuilder::visitNode (44 bytes)

GC Heap History (10 events):
Event: 3789.080 GC heap before
{Heap before GC invocations=82 (full 15):
 PSYoungGen      total 386048K, used 266832K [0x00000000e0000000, 0x0000000100000000, 0x0000000100000000)
  eden space 258560K, 100% used [0x00000000e0000000,0x00000000efc80000,0x00000000efc80000)
  from space 127488K, 6% used [0x00000000f7500000,0x00000000f7d14380,0x00000000ff180000)
  to   space 123392K, 0% used [0x00000000efc80000,0x00000000efc80000,0x00000000f7500000)
 ParOldGen       total 279040K, used 101201K [0x00000000a0000000, 0x00000000b1080000, 0x00000000e0000000)
  object space 279040K, 36% used [0x00000000a0000000,0x00000000a62d4428,0x00000000b1080000)
 Metaspace       used 129263K, capacity 134872K, committed 135128K, reserved 1167360K
  class space    used 15608K, capacity 16594K, committed 16640K, reserved 1048576K
Event: 3789.144 GC heap after
Heap after GC invocations=82 (full 15):
 PSYoungGen      total 381952K, used 60096K [0x00000000e0000000, 0x00000000ffd00000, 0x0000000100000000)
  eden space 258560K, 0% used [0x00000000e0000000,0x00000000e0000000,0x00000000efc80000)
  from space 123392K, 48% used [0x00000000efc80000,0x00000000f3730308,0x00000000f7500000)
  to   space 123904K, 0% used [0x00000000f8400000,0x00000000f8400000,0x00000000ffd00000)
 ParOldGen       total 279040K, used 104455K [0x00000000a0000000, 0x00000000b1080000, 0x00000000e0000000)
  object space 279040K, 37% used [0x00000000a0000000,0x00000000a6601e28,0x00000000b1080000)
 Metaspace       used 129263K, capacity 134872K, committed 135128K, reserved 1167360K
  class space    used 15608K, capacity 16594K, committed 16640K, reserved 1048576K
}
Event: 3790.265 GC heap before
{Heap before GC invocations=83 (full 15):
 PSYoungGen      total 381952K, used 318656K [0x00000000e0000000, 0x00000000ffd00000, 0x0000000100000000)
  eden space 258560K, 100% used [0x00000000e0000000,0x00000000efc80000,0x00000000efc80000)
  from space 123392K, 48% used [0x00000000efc80000,0x00000000f3730308,0x00000000f7500000)
  to   space 123904K, 0% used [0x00000000f8400000,0x00000000f8400000,0x00000000ffd00000)
 ParOldGen       total 279040K, used 104455K [0x00000000a0000000, 0x00000000b1080000, 0x00000000e0000000)
  object space 279040K, 37% used [0x00000000a0000000,0x00000000a6601e28,0x00000000b1080000)
 Metaspace       used 130544K, capacity 136218K, committed 136536K, reserved 1169408K
  class space    used 15713K, capacity 16697K, committed 16768K, reserved 1048576K
Event: 3790.460 GC heap after
Heap after GC invocations=83 (full 15):
 PSYoungGen      total 371712K, used 98666K [0x00000000e0000000, 0x0000000100000000, 0x0000000100000000)
  eden space 247808K, 0% used [0x00000000e0000000,0x00000000e0000000,0x00000000ef200000)
  from space 123904K, 79% used [0x00000000f8400000,0x00000000fe45a9e0,0x00000000ffd00000)
  to   space 138240K, 0% used [0x00000000ef200000,0x00000000ef200000,0x00000000f7900000)
 ParOldGen       total 279040K, used 154833K [0x00000000a0000000, 0x00000000b1080000, 0x00000000e0000000)
  object space 279040K, 55% used [0x00000000a0000000,0x00000000a97345a0,0x00000000b1080000)
 Metaspace       used 130544K, capacity 136218K, committed 136536K, reserved 1169408K
  class space    used 15713K, capacity 16697K, committed 16768K, reserved 1048576K
}
Event: 3792.750 GC heap before
{Heap before GC invocations=84 (full 15):
 PSYoungGen      total 371712K, used 346474K [0x00000000e0000000, 0x0000000100000000, 0x0000000100000000)
  eden space 247808K, 100% used [0x00000000e0000000,0x00000000ef200000,0x00000000ef200000)
  from space 123904K, 79% used [0x00000000f8400000,0x00000000fe45a9e0,0x00000000ffd00000)
  to   space 138240K, 0% used [0x00000000ef200000,0x00000000ef200000,0x00000000f7900000)
 ParOldGen       total 279040K, used 154833K [0x00000000a0000000, 0x00000000b1080000, 0x00000000e0000000)
  object space 279040K, 55% used [0x00000000a0000000,0x00000000a97345a0,0x00000000b1080000)
 Metaspace       used 130597K, capacity 136218K, committed 136536K, reserved 1169408K
  class space    used 15714K, capacity 16697K, committed 16768K, reserved 1048576K
Event: 3792.835 GC heap after
Heap after GC invocations=84 (full 15):
 PSYoungGen      total 386048K, used 20811K [0x00000000e0000000, 0x0000000100000000, 0x0000000100000000)
  eden space 247808K, 0% used [0x00000000e0000000,0x00000000e0000000,0x00000000ef200000)
  from space 138240K, 15% used [0x00000000ef200000,0x00000000f0652d70,0x00000000f7900000)
  to   space 132608K, 0% used [0x00000000f7e80000,0x00000000f7e80000,0x0000000100000000)
 ParOldGen       total 279040K, used 205873K [0x00000000a0000000, 0x00000000b1080000, 0x00000000e0000000)
  object space 279040K, 73% used [0x00000000a0000000,0x00000000ac90c5d8,0x00000000b1080000)
 Metaspace       used 130597K, capacity 136218K, committed 136536K, reserved 1169408K
  class space    used 15714K, capacity 16697K, committed 16768K, reserved 1048576K
}
Event: 3792.835 GC heap before
{Heap before GC invocations=85 (full 16):
 PSYoungGen      total 386048K, used 20811K [0x00000000e0000000, 0x0000000100000000, 0x0000000100000000)
  eden space 247808K, 0% used [0x00000000e0000000,0x00000000e0000000,0x00000000ef200000)
  from space 138240K, 15% used [0x00000000ef200000,0x00000000f0652d70,0x00000000f7900000)
  to   space 132608K, 0% used [0x00000000f7e80000,0x00000000f7e80000,0x0000000100000000)
 ParOldGen       total 279040K, used 205873K [0x00000000a0000000, 0x00000000b1080000, 0x00000000e0000000)
  object space 279040K, 73% used [0x00000000a0000000,0x00000000ac90c5d8,0x00000000b1080000)
 Metaspace       used 130597K, capacity 136218K, committed 136536K, reserved 1169408K
  class space    used 15714K, capacity 16697K, committed 16768K, reserved 1048576K
Event: 3793.126 GC heap after
Heap after GC invocations=85 (full 16):
 PSYoungGen      total 386048K, used 0K [0x00000000e0000000, 0x0000000100000000, 0x0000000100000000)
  eden space 247808K, 0% used [0x00000000e0000000,0x00000000e0000000,0x00000000ef200000)
  from space 138240K, 0% used [0x00000000ef200000,0x00000000ef200000,0x00000000f7900000)
  to   space 132608K, 0% used [0x00000000f7e80000,0x00000000f7e80000,0x0000000100000000)
 ParOldGen       total 286208K, used 91988K [0x00000000a0000000, 0x00000000b1780000, 0x00000000e0000000)
  object space 286208K, 32% used [0x00000000a0000000,0x00000000a59d5158,0x00000000b1780000)
 Metaspace       used 130597K, capacity 136218K, committed 136536K, reserved 1169408K
  class space    used 15714K, capacity 16697K, committed 16768K, reserved 1048576K
}
Event: 3794.980 GC heap before
{Heap before GC invocations=86 (full 16):
 PSYoungGen      total 386048K, used 247808K [0x00000000e0000000, 0x0000000100000000, 0x0000000100000000)
  eden space 247808K, 100% used [0x00000000e0000000,0x00000000ef200000,0x00000000ef200000)
  from space 138240K, 0% used [0x00000000ef200000,0x00000000ef200000,0x00000000f7900000)
  to   space 132608K, 0% used [0x00000000f7e80000,0x00000000f7e80000,0x0000000100000000)
 ParOldGen       total 286208K, used 91988K [0x00000000a0000000, 0x00000000b1780000, 0x00000000e0000000)
  object space 286208K, 32% used [0x00000000a0000000,0x00000000a59d5158,0x00000000b1780000)
 Metaspace       used 130611K, capacity 136282K, committed 136536K, reserved 1169408K
  class space    used 15714K, capacity 16697K, committed 16768K, reserved 1048576K
Event: 3795.004 GC heap after
Heap after GC invocations=86 (full 16):
 PSYoungGen      total 374272K, used 5259K [0x00000000e0000000, 0x00000000ff480000, 0x0000000100000000)
  eden space 253440K, 0% used [0x00000000e0000000,0x00000000e0000000,0x00000000ef780000)
  from space 120832K, 4% used [0x00000000f7e80000,0x00000000f83a2e88,0x00000000ff480000)
  to   space 129536K, 0% used [0x00000000ef780000,0x00000000ef780000,0x00000000f7600000)
 ParOldGen       total 286208K, used 91988K [0x00000000a0000000, 0x00000000b1780000, 0x00000000e0000000)
  object space 286208K, 32% used [0x00000000a0000000,0x00000000a59d5158,0x00000000b1780000)
 Metaspace       used 130611K, capacity 136282K, committed 136536K, reserved 1169408K
  class space    used 15714K, capacity 16697K, committed 16768K, reserved 1048576K
}

Deoptimization events (10 events):
Event: 3777.360 Thread 0x00000000607ac000 Uncommon trap: reason=class_check action=maybe_recompile pc=0x00000000062d8680 method=org.gradle.internal.resources.DefaultResourceLockCoordinationService$DefaultResourceLockState.releaseLocks()V @ 37
Event: 3790.076 Thread 0x00000000607ac000 Uncommon trap: reason=unstable_if action=reinterpret pc=0x0000000007e8419c method=android.databinding.tool.reflection.SdkUtil$ApiChecker.buildFullLookup()V @ 49
Event: 3791.241 Thread 0x00000000607ac000 Uncommon trap: reason=class_check action=maybe_recompile pc=0x00000000057f0a98 method=com.sun.tools.javac.jvm.Items$Item.coerce(I)Lcom/sun/tools/javac/jvm/Items$Item; @ 11
Event: 3791.245 Thread 0x00000000607ac000 Uncommon trap: reason=class_check action=maybe_recompile pc=0x0000000004e94b68 method=com.sun.tools.javac.jvm.ClassWriter.writePool(Lcom/sun/tools/javac/jvm/Pool;)V @ 333
Event: 3793.359 Thread 0x0000000058a3a800 Uncommon trap: reason=unstable_if action=reinterpret pc=0x0000000007bda494 method=com.android.tools.r8.ir.optimize.z.a(Lcom/android/tools/r8/ir/code/Instruction;)Z @ 200
Event: 3793.540 Thread 0x0000000058a3a800 Uncommon trap: reason=array_check action=maybe_recompile pc=0x0000000003bb2644 method=java.util.TimSort.mergeHi(IIII)V @ 657
Event: 3793.540 Thread 0x0000000058a3a800 Uncommon trap: reason=array_check action=maybe_recompile pc=0x0000000007bd1fdc method=java.util.TimSort.mergeLo(IIII)V @ 133
Event: 3793.540 Thread 0x0000000058a3a800 Uncommon trap: reason=array_check action=maybe_recompile pc=0x0000000003bb27ec method=java.util.TimSort.mergeHi(IIII)V @ 419
Event: 3793.540 Thread 0x0000000058a3a800 Uncommon trap: reason=array_check action=maybe_recompile pc=0x0000000007bd1fdc method=java.util.TimSort.mergeLo(IIII)V @ 133
Event: 3793.540 Thread 0x0000000058a3a800 Uncommon trap: reason=array_check action=maybe_recompile pc=0x0000000003bb2644 method=java.util.TimSort.mergeHi(IIII)V @ 657

Classes redefined (0 events):
No events

Internal exceptions (10 events):
Event: 3793.851 Thread 0x0000000058a3a800 Exception <a 'sun/nio/fs/WindowsException'> (0x00000000e84fe2d0) thrown at [D:\src\AOSP-openjdk-cygwin\jdk8u\hotspot\src\share\vm\prims\jni.cpp, line 710]
Event: 3793.857 Thread 0x0000000058a3a800 Exception <a 'sun/nio/fs/WindowsException'> (0x00000000e8663908) thrown at [D:\src\AOSP-openjdk-cygwin\jdk8u\hotspot\src\share\vm\prims\jni.cpp, line 710]
Event: 3793.860 Thread 0x0000000058a3a800 Exception <a 'sun/nio/fs/WindowsException'> (0x00000000e866a648) thrown at [D:\src\AOSP-openjdk-cygwin\jdk8u\hotspot\src\share\vm\prims\jni.cpp, line 710]
Event: 3793.864 Thread 0x0000000058a3a800 Exception <a 'sun/nio/fs/WindowsException'> (0x00000000e86733b8) thrown at [D:\src\AOSP-openjdk-cygwin\jdk8u\hotspot\src\share\vm\prims\jni.cpp, line 710]
Event: 3793.869 Thread 0x0000000058a3a800 Exception <a 'sun/nio/fs/WindowsException'> (0x00000000e867d060) thrown at [D:\src\AOSP-openjdk-cygwin\jdk8u\hotspot\src\share\vm\prims\jni.cpp, line 710]
Event: 3793.873 Thread 0x0000000058a3a800 Exception <a 'sun/nio/fs/WindowsException'> (0x00000000e8745550) thrown at [D:\src\AOSP-openjdk-cygwin\jdk8u\hotspot\src\share\vm\prims\jni.cpp, line 710]
Event: 3794.203 Thread 0x00000000607ac000 Exception <a 'java/io/FileNotFoundException'> (0x00000000e9325b60) thrown at [D:\src\AOSP-openjdk-cygwin\jdk8u\hotspot\src\share\vm\prims\jni.cpp, line 710]
Event: 3794.625 Thread 0x000000005f80a000 Exception <a 'sun/nio/fs/WindowsException'> (0x00000000ea28d9a0) thrown at [D:\src\AOSP-openjdk-cygwin\jdk8u\hotspot\src\share\vm\prims\jni.cpp, line 710]
Event: 3794.837 Thread 0x0000000057aa6800 Exception <a 'sun/nio/fs/WindowsException'> (0x00000000edd276e8) thrown at [D:\src\AOSP-openjdk-cygwin\jdk8u\hotspot\src\share\vm\prims\jni.cpp, line 710]
Event: 3795.446 Thread 0x0000000057c14800 Exception <a 'sun/nio/fs/WindowsException'> (0x00000000e124ebd8) thrown at [D:\src\AOSP-openjdk-cygwin\jdk8u\hotspot\src\share\vm\prims\jni.cpp, line 710]

Events (10 events):
Event: 3880.896 Thread 0x0000000057acd800 flushing nmethod 0x0000000007e6db50
Event: 3880.896 Thread 0x0000000057acd800 flushing nmethod 0x0000000007e81290
Event: 3880.902 Thread 0x00000000607ad000 Thread added: 0x00000000607ad000
Event: 3880.906 Thread 0x00000000607ae800 Thread added: 0x00000000607ae800
Event: 3881.031 Thread 0x00000000607ad800 Thread added: 0x00000000607ad800
Event: 3881.031 Thread 0x00000000607ac000 Thread added: 0x00000000607ac000
Event: 3881.032 Thread 0x00000000607aa000 Thread added: 0x00000000607aa000
Event: 3881.034 Thread 0x0000000057c14800 Thread added: 0x0000000057c14800
Event: 3881.035 Executing VM operation: RevokeBias
Event: 3881.039 Executing VM operation: RevokeBias done


Dynamic libraries:
0x000000013f4f0000 - 0x000000013f521000 	C:\Program Files\Android\Android Studio\jre\bin\java.exe
0x0000000076e90000 - 0x0000000077039000 	C:\Windows\SYSTEM32\ntdll.dll
0x0000000076d70000 - 0x0000000076e8f000 	C:\Windows\system32\kernel32.dll
0x000007fefcf90000 - 0x000007fefcffb000 	C:\Windows\system32\KERNELBASE.dll
0x000007fefef90000 - 0x000007feff06b000 	C:\Windows\system32\ADVAPI32.dll
0x000007fefd510000 - 0x000007fefd5af000 	C:\Windows\system32\msvcrt.dll
0x000007fefd7e0000 - 0x000007fefd7ff000 	C:\Windows\SYSTEM32\sechost.dll
0x000007fefd800000 - 0x000007fefd92d000 	C:\Windows\system32\RPCRT4.dll
0x0000000076c70000 - 0x0000000076d6a000 	C:\Windows\system32\USER32.dll
0x000007fefdfa0000 - 0x000007fefe007000 	C:\Windows\system32\GDI32.dll
0x000007fefef80000 - 0x000007fefef8e000 	C:\Windows\system32\LPK.dll
0x000007feff0d0000 - 0x000007feff199000 	C:\Windows\system32\USP10.dll
0x000007fefb4e0000 - 0x000007fefb6d4000 	C:\Windows\WinSxS\amd64_microsoft.windows.common-controls_6595b64144ccf1df_6.0.7601.17514_none_fa396087175ac9ac\COMCTL32.dll
0x000007fefd5b0000 - 0x000007fefd621000 	C:\Windows\system32\SHLWAPI.dll
0x000007fefef50000 - 0x000007fefef7e000 	C:\Windows\system32\IMM32.DLL
0x000007fefe010000 - 0x000007fefe119000 	C:\Windows\system32\MSCTF.dll
0x00000000645e0000 - 0x00000000646b2000 	C:\Program Files\Android\Android Studio\jre\jre\bin\msvcr100.dll
0x00000000647a0000 - 0x0000000064fe6000 	C:\Program Files\Android\Android Studio\jre\jre\bin\server\jvm.dll
0x000007fef0490000 - 0x000007fef0499000 	C:\Windows\system32\WSOCK32.dll
0x000007fefd660000 - 0x000007fefd6ad000 	C:\Windows\system32\WS2_32.dll
0x000007fefd650000 - 0x000007fefd658000 	C:\Windows\system32\NSI.dll
0x000007fefbaa0000 - 0x000007fefbadb000 	C:\Windows\system32\WINMM.dll
0x000007fefbf40000 - 0x000007fefbf4c000 	C:\Windows\system32\VERSION.dll
0x0000000077050000 - 0x0000000077057000 	C:\Windows\system32\PSAPI.DLL
0x000007feeb780000 - 0x000007feeb78f000 	C:\Program Files\Android\Android Studio\jre\jre\bin\verify.dll
0x000007feeb750000 - 0x000007feeb779000 	C:\Program Files\Android\Android Studio\jre\jre\bin\java.dll
0x000007feeb730000 - 0x000007feeb746000 	C:\Program Files\Android\Android Studio\jre\jre\bin\zip.dll
0x000007fefe1c0000 - 0x000007fefef48000 	C:\Windows\system32\SHELL32.dll
0x000007fefdd10000 - 0x000007fefdf13000 	C:\Windows\system32\ole32.dll
0x000007fefcde0000 - 0x000007fefcdef000 	C:\Windows\system32\profapi.dll
0x000007feeb710000 - 0x000007feeb72a000 	C:\Program Files\Android\Android Studio\jre\jre\bin\net.dll
0x000007fefc650000 - 0x000007fefc6a5000 	C:\Windows\system32\mswsock.dll
0x000007fefc640000 - 0x000007fefc647000 	C:\Windows\System32\wship6.dll
0x000007feeb6f0000 - 0x000007feeb701000 	C:\Program Files\Android\Android Studio\jre\jre\bin\nio.dll
0x000007fed9870000 - 0x000007fed9896000 	C:\Users\user\.gradle\native\29\windows-amd64\native-platform.dll
0x000007fef8510000 - 0x000007fef8513000 	C:\Windows\system32\api-ms-win-core-synch-l1-2-0.DLL
0x000007feeb6e0000 - 0x000007feeb6ed000 	C:\Program Files\Android\Android Studio\jre\jre\bin\management.dll
0x000007fefc6b0000 - 0x000007fefc6c7000 	C:\Windows\system32\CRYPTSP.dll
0x000007fefc3b0000 - 0x000007fefc3f7000 	C:\Windows\system32\rsaenh.dll
0x000007fefc130000 - 0x000007fefc14e000 	C:\Windows\system32\USERENV.dll
0x000007fefcd10000 - 0x000007fefcd1f000 	C:\Windows\system32\CRYPTBASE.dll
0x000007fef9d50000 - 0x000007fef9d77000 	C:\Windows\system32\IPHLPAPI.DLL
0x000007fef9d40000 - 0x000007fef9d4b000 	C:\Windows\system32\WINNSI.DLL
0x000007fef9b50000 - 0x000007fef9b68000 	C:\Windows\system32\dhcpcsvc.DLL
0x000007fef9b30000 - 0x000007fef9b41000 	C:\Windows\system32\dhcpcsvc6.DLL
0x000007fed98a0000 - 0x000007fed98c4000 	C:\Program Files\Android\Android Studio\jre\jre\bin\sunec.dll
0x000007fefc010000 - 0x000007fefc017000 	C:\Windows\System32\wshtcpip.dll
0x000007fefc4d0000 - 0x000007fefc52b000 	C:\Windows\system32\DNSAPI.dll
0x000007fef9010000 - 0x000007fef9018000 	C:\Windows\system32\rasadhlp.dll
0x000007fef9bd0000 - 0x000007fef9c23000 	C:\Windows\System32\fwpuclnt.dll
0x000007fedbc90000 - 0x000007fedbc9b000 	C:\Program Files\Android\Android Studio\jre\jre\bin\sunmscapi.dll
0x000007fefd040000 - 0x000007fefd1a7000 	C:\Windows\system32\CRYPT32.dll
0x000007fefce80000 - 0x000007fefce8f000 	C:\Windows\system32\MSASN1.dll
0x000007fefccb0000 - 0x000007fefcd07000 	C:\Windows\system32\apphelp.dll
0x000007feeb790000 - 0x000007feeb7ae000 	C:\Users\user\AppData\Local\Temp\native-platform3162243676146420852dir\native-platform.dll

VM Arguments:
jvm_args: -Xmx1536m -Dfile.encoding=GBK -Duser.country=US -Duser.language=en -Duser.variant 
java_command: org.gradle.launcher.daemon.bootstrap.GradleDaemon 5.4.1
java_class_path (initial): C:\Users\user\.gradle\wrapper\dists\gradle-5.4.1-all\3221gyojl5jsh0helicew7rwx\gradle-5.4.1\lib\gradle-launcher-5.4.1.jar
Launcher Type: SUN_STANDARD

Environment Variables:
PATH=C:\app\user\product\18.0.0\dbhomeXE\bin;C:\oraclexe\app\oracle\product\11.2.0\server\bin;C:\ProgramData\Oracle\Java\javapath;C:\Windows\system32;C:\Windows;C:\Windows\System32\Wbem;C:\Windows\System32\WindowsPowerShell\v1.0\;C:\Program Files\dotnet\;C:\Program Files\Microsoft SQL Server\130\Tools\Binn\;C:\Program Files\Microsoft SQL Server\Client SDK\ODBC\170\Tools\Binn\;C:\Program Files\Git\cmd;C:\Program Files\IBM\SPSS\Statistics\25\JRE\bin;C:\Program Files\Java\jdk-13.0.2\bin
USERNAME=user
OS=Windows_NT
PROCESSOR_IDENTIFIER=Intel64 Family 6 Model 42 Stepping 7, GenuineIntel



---------------  S Y S T E M  ---------------

OS: Windows 7 , 64 bit Build 7601 (6.1.7601.18015)

CPU:total 4 (initial active 4) (2 cores per cpu, 2 threads per core) family 6 model 42 stepping 7, cmov, cx8, fxsr, mmx, sse, sse2, sse3, ssse3, sse4.1, sse4.2, popcnt, avx, aes, clmul, ht, tsc, tscinvbit

Memory: 4k page, physical 4073704k(43480k free), swap 8341460k(3148k free)

vm_info: OpenJDK 64-Bit Server VM (25.202-b03) for windows-amd64 JRE (1.8.0_202-release-1483-b03), built by "builder" with MS VC++ 10.0 (VS2010)

time: Thu Nov 05 09:31:04 2020
timezone: Malay Peninsula Standard Time
elapsed time: 3881 seconds (0d 1h 4m 41s)

