JvmtiExport can_access_local_variables 0
JvmtiExport can_hotswap_or_post_breakpoint 0
JvmtiExport can_post_on_exceptions 0
# 249 ciObject found
instanceKlass android/databinding/tool/ext/Replacement
instanceKlass android/databinding/tool/ext/ExtKt
instanceKlass android/databinding/tool/processing/Scope
instanceKlass android/databinding/tool/writer/MergedBindingMapperWriter$Companion
instanceKlass android/databinding/tool/writer/MergedBindingMapperWriter
instanceKlass android/databinding/tool/store/FeatureInfoList$Companion
instanceKlass android/databinding/tool/store/FeatureInfoList
instanceKlass kotlin/jvm/internal/CollectionToArray
instanceKlass com/squareup/javapoet/ParameterSpec$Builder
instanceKlass com/squareup/javapoet/ParameterSpec
instanceKlass com/squareup/javapoet/AnnotationSpec$Builder
instanceKlass com/squareup/javapoet/MethodSpec$Builder
instanceKlass com/squareup/javapoet/MethodSpec
instanceKlass kotlin/collections/SlidingWindowKt
instanceKlass android/databinding/tool/writer/BindingMapperWriterV2$$special$$inlined$sortedBy$2
instanceKlass android/databinding/tool/writer/BindingMapperWriterV2$$special$$inlined$sortedBy$1
instanceKlass kotlin/collections/CollectionsKt___CollectionsKt$asSequence$$inlined$Sequence$1
instanceKlass android/databinding/tool/writer/BindingMapperWriterV2$Companion
instanceKlass android/databinding/tool/writer/BindingMapperWriterV2
instanceKlass android/databinding/tool/CompilerChef$$Lambda$898
instanceKlass android/databinding/tool/CompilerChef$$Lambda$897
instanceKlass com/squareup/javapoet/AnnotationSpec
instanceKlass com/squareup/javapoet/LineWrapper
instanceKlass com/squareup/javapoet/CodeWriter
instanceKlass com/squareup/javapoet/JavaFile$Builder
instanceKlass com/squareup/javapoet/JavaFile$1
instanceKlass com/squareup/javapoet/JavaFile
instanceKlass com/squareup/javapoet/FieldSpec$Builder
instanceKlass com/squareup/javapoet/FieldSpec
instanceKlass com/squareup/javapoet/CodeBlock$Builder
instanceKlass com/squareup/javapoet/CodeBlock
instanceKlass com/squareup/javapoet/Util
instanceKlass com/squareup/javapoet/TypeName
instanceKlass com/squareup/javapoet/TypeSpec$Builder
instanceKlass com/squareup/javapoet/TypeSpec
instanceKlass android/databinding/annotationprocessor/ProcessBindable$$Lambda$896
instanceKlass android/databinding/tool/writer/BRWriter
instanceKlass android/databinding/annotationprocessor/BindableBag$BRWithValues
instanceKlass android/databinding/annotationprocessor/BindableBag$IdBag
instanceKlass android/databinding/annotationprocessor/BindableBag$PackageProps
instanceKlass kotlin/ranges/RangesKt__RangesJVMKt
instanceKlass android/databinding/annotationprocessor/BindableBag$Companion
instanceKlass android/databinding/annotationprocessor/BindableBag
instanceKlass android/databinding/annotationprocessor/ProcessBindable$IntermediateV1
instanceKlass android/databinding/tool/writer/ComponentWriter
instanceKlass android/databinding/annotationprocessor/ProcessExpressions$IntermediateV1
instanceKlass android/databinding/tool/DataBinder
instanceKlass android/databinding/tool/store/ResourceBundle$$Lambda$895
instanceKlass android/databinding/tool/reflection/ImportBag
instanceKlass android/databinding/tool/CompilerChef
instanceKlass android/databinding/annotationprocessor/ProcessExpressions$Intermediate
instanceKlass android/databinding/annotationprocessor/ProcessExpressionsFromV1Compat$Companion
instanceKlass android/databinding/annotationprocessor/ProcessExpressionsFromV1Compat
instanceKlass android/databinding/tool/store/ResourceBundle$$Lambda$894
instanceKlass com/google/gson/internal/LinkedTreeMap$LinkedTreeMapIterator
instanceKlass com/google/gson/internal/LinkedTreeMap$Node
instanceKlass com/google/gson/internal/LinkedTreeMap$1
instanceKlass com/google/gson/internal/ConstructorConstructor$6
instanceKlass android/databinding/tool/store/GenClassInfoLog$GenClassImpl$Companion
instanceKlass android/databinding/tool/store/GenClassInfoLog$GenClassImpl
instanceKlass com/google/gson/internal/ConstructorConstructor$13
instanceKlass android/databinding/tool/store/GenClassInfoLog$GenClass
instanceKlass kotlin/jvm/internal/DefaultConstructorMarker
instanceKlass org/apache/commons/io/filefilter/ConditionalFileFilter
instanceKlass org/apache/commons/io/filefilter/FileFilterUtils
instanceKlass org/apache/commons/io/filefilter/TrueFileFilter
instanceKlass org/apache/commons/io/FilenameUtils
instanceKlass org/apache/commons/io/IOCase
instanceKlass org/apache/commons/io/filefilter/AbstractFileFilter
instanceKlass android/databinding/tool/store/GenClassInfoLog$Companion
instanceKlass android/databinding/tool/store/GenClassInfoLog
instanceKlass android/databinding/tool/processing/scopes/ScopeProvider
instanceKlass android/databinding/tool/store/ResourceBundle$ValidateAndFilterCallback
instanceKlass android/databinding/tool/store/ResourceBundle
instanceKlass kotlin/Unit
instanceKlass com/google/gson/internal/Streams
instanceKlass android/databinding/annotationprocessor/AnnotationUtil
instanceKlass org/apache/commons/io/IOUtils
instanceKlass org/apache/commons/io/filefilter/IOFileFilter
instanceKlass org/apache/commons/io/FileUtils
instanceKlass android/databinding/tool/reflection/SdkUtil$ApiChecker
instanceKlass android/databinding/tool/reflection/SdkUtil
instanceKlass android/databinding/tool/store/SetterStore$1
instanceKlass kotlin/collections/EmptyIterator
instanceKlass android/databinding/tool/store/BindingAdapterStore$Companion$merge$1$1$1
instanceKlass android/databinding/tool/store/BindingAdapterStore$Companion$merge$1
instanceKlass kotlin/io/CloseableKt
instanceKlass android/databinding/tool/reflection/ModelMethod
instanceKlass com/google/gson/internal/$Gson$Types$GenericArrayTypeImpl
instanceKlass android/databinding/tool/store/SetterStore$MultiValueAdapterKey
instanceKlass com/google/gson/internal/ConstructorConstructor$3
instanceKlass android/databinding/tool/store/SetterStore$InverseMethodDescription
instanceKlass android/databinding/tool/store/SetterStore$MultiAttributeSetter
instanceKlass android/databinding/tool/store/SetterStore$ViewDataBindingEventSetter
instanceKlass android/databinding/tool/store/SetterStore$ViewDataBindingGetterCall
instanceKlass android/databinding/tool/store/SetterStore$ViewGetterCall
instanceKlass android/databinding/tool/store/SetterStore$AdapterGetter
instanceKlass android/databinding/tool/store/SetterStore$InverseMethod
instanceKlass com/google/gson/internal/$Gson$Types$ParameterizedTypeImpl
instanceKlass android/databinding/tool/store/SetterStore$MethodDescription
instanceKlass android/databinding/tool/store/SetterStore$AccessorKey
instanceKlass com/google/gson/internal/Primitives
instanceKlass com/google/gson/annotations/SerializedName
instanceKlass android/databinding/tool/store/BindingAdapterStore$Companion
instanceKlass com/google/gson/internal/UnsafeAllocator
instanceKlass com/google/gson/internal/ConstructorConstructor$14
instanceKlass android/databinding/tool/store/SetterStore$IntermediateV1
instanceKlass kotlin/annotation/Target
instanceKlass kotlin/annotation/Retention
instanceKlass kotlin/Metadata
instanceKlass com/google/gson/annotations/JsonAdapter
instanceKlass com/google/gson/internal/JsonReaderInternalAccess
instanceKlass kotlin/text/Charsets
instanceKlass android/databinding/tool/store/BindingAdapterStore
instanceKlass kotlin/collections/EmptyList
instanceKlass kotlin/collections/CollectionsKt__CollectionsJVMKt
instanceKlass kotlin/collections/AbstractIterator$WhenMappings
instanceKlass kotlin/_Assertions
instanceKlass kotlin/io/FileTreeWalk$WalkState
instanceKlass kotlin/io/FileTreeWalk$FileTreeWalkIterator$WhenMappings
instanceKlass kotlin/collections/AbstractIterator
instanceKlass kotlin/sequences/TransformingSequence$iterator$1
instanceKlass kotlin/sequences/FilteringSequence$iterator$1
instanceKlass kotlin/jvm/internal/markers/KMappedMarker
instanceKlass kotlin/sequences/TransformingSequence
instanceKlass kotlin/sequences/FilteringSequence
instanceKlass kotlin/sequences/SequencesKt__SequenceBuilderKt
instanceKlass kotlin/io/FileTreeWalk
instanceKlass kotlin/sequences/Sequence
instanceKlass kotlin/io/FilesKt__FilePathComponentsKt
instanceKlass android/databinding/tool/store/SetterStore$Intermediate
instanceKlass android/databinding/tool/store/SetterStore$SetterCall
instanceKlass android/databinding/tool/store/SetterStore$BindingGetterCall
instanceKlass android/databinding/tool/store/SetterStore$BindingSetterCall
instanceKlass android/databinding/tool/store/SetterStore
instanceKlass android/databinding/tool/reflection/ClassFinderCache
instanceKlass android/databinding/tool/reflection/ModelAnalyzer$Companion
instanceKlass android/databinding/tool/reflection/ModelClass
instanceKlass android/databinding/tool/reflection/TypeUtil
instanceKlass android/databinding/tool/reflection/ModelAnalyzer
instanceKlass com/google/gson/internal/bind/ReflectiveTypeAdapterFactory$BoundField
instanceKlass com/google/gson/internal/bind/ReflectiveTypeAdapterFactory
instanceKlass com/google/gson/internal/bind/JsonAdapterAnnotationTypeAdapterFactory
instanceKlass com/google/gson/internal/bind/MapTypeAdapterFactory
instanceKlass com/google/gson/internal/bind/CollectionTypeAdapterFactory
instanceKlass com/google/gson/internal/bind/ArrayTypeAdapter$1
instanceKlass com/google/gson/internal/bind/SqlDateTypeAdapter$1
instanceKlass com/google/gson/internal/bind/TimeTypeAdapter$1
instanceKlass com/google/gson/internal/bind/DateTypeAdapter$1
instanceKlass com/google/gson/internal/bind/ObjectTypeAdapter$1
instanceKlass com/google/gson/internal/bind/TypeAdapters$30
instanceKlass com/google/gson/internal/bind/TypeAdapters$34
instanceKlass com/google/gson/internal/bind/TypeAdapters$26
instanceKlass com/google/gson/internal/bind/TypeAdapters$35
instanceKlass com/google/gson/internal/bind/TypeAdapters$33
instanceKlass com/google/gson/internal/bind/TypeAdapters$32
instanceKlass com/google/gson/internal/bind/TypeAdapters
instanceKlass com/google/gson/internal/JavaVersion
instanceKlass com/google/gson/internal/reflect/ReflectionAccessor
instanceKlass com/google/gson/internal/ObjectConstructor
instanceKlass com/google/gson/internal/ConstructorConstructor
instanceKlass com/google/gson/internal/$Gson$Types
instanceKlass com/google/gson/internal/$Gson$Preconditions
instanceKlass com/google/gson/reflect/TypeToken
instanceKlass com/google/gson/stream/JsonWriter
instanceKlass com/google/gson/stream/JsonReader
instanceKlass com/google/gson/Gson
instanceKlass com/google/gson/JsonElement
instanceKlass com/google/gson/internal/Excluder
instanceKlass com/google/gson/TypeAdapterFactory
instanceKlass com/google/gson/TypeAdapter
instanceKlass com/google/gson/FieldNamingStrategy
instanceKlass com/google/gson/GsonBuilder
instanceKlass android/databinding/tool/util/GenerationalClassUtil$Companion
instanceKlass android/databinding/tool/util/GenerationalClassUtil
instanceKlass androidx/databinding/Untaggable
instanceKlass androidx/databinding/InverseMethod
instanceKlass androidx/databinding/InverseBindingMethods
instanceKlass androidx/databinding/InverseBindingAdapter
instanceKlass androidx/databinding/BindingConversion
instanceKlass androidx/databinding/BindingMethods
instanceKlass androidx/databinding/BindingAdapter
instanceKlass androidx/databinding/Bindable
instanceKlass kotlin/UNINITIALIZED_VALUE
instanceKlass kotlin/UnsafeLazyImpl
instanceKlass kotlin/Lazy
instanceKlass kotlin/LazyKt$WhenMappings
instanceKlass kotlin/LazyKt__LazyJVMKt
instanceKlass kotlin/jvm/internal/Lambda
instanceKlass kotlin/collections/MapsKt__MapWithDefaultKt
instanceKlass kotlin/TuplesKt
instanceKlass kotlin/Pair
instanceKlass android/databinding/tool/LibTypes$Companion
instanceKlass kotlin/jvm/internal/ClassReference
instanceKlass kotlin/jvm/internal/ClassBasedDeclarationContainer
instanceKlass kotlin/jvm/internal/FunctionBase
instanceKlass kotlin/reflect/KMutableProperty2
instanceKlass kotlin/reflect/KProperty2
instanceKlass kotlin/jvm/functions/Function2
instanceKlass kotlin/reflect/KMutableProperty1
instanceKlass kotlin/reflect/KMutableProperty0
instanceKlass kotlin/reflect/KMutableProperty
instanceKlass kotlin/reflect/KProperty0
instanceKlass kotlin/jvm/functions/Function0
instanceKlass kotlin/reflect/KType
instanceKlass kotlin/reflect/KClass
instanceKlass kotlin/jvm/internal/ReflectionFactory
instanceKlass kotlin/reflect/KClassifier
instanceKlass kotlin/jvm/internal/Reflection
instanceKlass kotlin/jvm/internal/CallableReference$NoReceiver
instanceKlass kotlin/reflect/KProperty$Getter
instanceKlass kotlin/reflect/KFunction
instanceKlass kotlin/reflect/KProperty$Accessor
instanceKlass kotlin/jvm/internal/CallableReference
instanceKlass kotlin/reflect/KProperty1
instanceKlass kotlin/jvm/functions/Function1
instanceKlass kotlin/Function
instanceKlass kotlin/reflect/KProperty
instanceKlass kotlin/reflect/KCallable
instanceKlass kotlin/reflect/KAnnotatedElement
instanceKlass kotlin/reflect/KDeclarationContainer
instanceKlass android/databinding/tool/LibTypes
instanceKlass android/databinding/tool/reflection/annotation/AnnotationLogger
instanceKlass android/databinding/tool/Context
instanceKlass android/databinding/annotationprocessor/ProcessDataBinding$1
instanceKlass android/databinding/annotationprocessor/ProcessBindable$Intermediate
instanceKlass android/databinding/annotationprocessor/ProcessDataBinding$ProcessingStep
instanceKlass android/databinding/tool/CompilerChef$BindableHolder
instanceKlass android/databinding/tool/util/L$$Lambda$893
instanceKlass android/databinding/tool/util/L$Client
instanceKlass android/databinding/tool/util/L
instanceKlass android/databinding/tool/util/Preconditions
instanceKlass kotlin/text/CharsKt__CharJVMKt
instanceKlass kotlin/text/StringsKt__IndentKt
instanceKlass kotlin/jvm/internal/Intrinsics
instanceKlass com/google/common/collect/SortedMapDifference
instanceKlass com/google/common/collect/MapDifference
instanceKlass com/google/common/collect/Maps$EntryTransformer
instanceKlass com/google/common/collect/UnmodifiableIterator
instanceKlass com/google/common/collect/BiMap
instanceKlass com/google/common/base/Converter
instanceKlass com/google/common/base/Function
instanceKlass com/google/common/collect/ImmutableMap
instanceKlass com/google/common/collect/Maps
instanceKlass com/google/common/collect/Sets
instanceKlass android/databinding/tool/CompilerArguments$Companion
instanceKlass android/databinding/tool/CompilerArguments
instanceKlass android/databinding/tool/writer/JavaFileWriter
instanceKlass android/databinding/annotationprocessor/ProcessDataBinding$Callback
instanceKlass android/databinding/tool/ext/Replacement
instanceKlass android/databinding/tool/ext/ExtKt
instanceKlass android/databinding/tool/processing/Scope
instanceKlass android/databinding/tool/writer/MergedBindingMapperWriter$Companion
instanceKlass android/databinding/tool/writer/MergedBindingMapperWriter
instanceKlass android/databinding/tool/store/FeatureInfoList$Companion
instanceKlass android/databinding/tool/store/FeatureInfoList
instanceKlass kotlin/jvm/internal/CollectionToArray
instanceKlass com/squareup/javapoet/ParameterSpec$Builder
instanceKlass com/squareup/javapoet/ParameterSpec
instanceKlass com/squareup/javapoet/AnnotationSpec$Builder
instanceKlass com/squareup/javapoet/MethodSpec$Builder
instanceKlass com/squareup/javapoet/MethodSpec
instanceKlass kotlin/collections/SlidingWindowKt
instanceKlass android/databinding/tool/writer/BindingMapperWriterV2$$special$$inlined$sortedBy$2
instanceKlass android/databinding/tool/writer/BindingMapperWriterV2$$special$$inlined$sortedBy$1
instanceKlass kotlin/collections/CollectionsKt___CollectionsKt$asSequence$$inlined$Sequence$1
instanceKlass android/databinding/tool/writer/BindingMapperWriterV2$Companion
instanceKlass android/databinding/tool/writer/BindingMapperWriterV2
instanceKlass android/databinding/tool/CompilerChef$$Lambda$892
instanceKlass android/databinding/tool/CompilerChef$$Lambda$891
instanceKlass com/squareup/javapoet/AnnotationSpec
instanceKlass com/squareup/javapoet/LineWrapper
instanceKlass com/squareup/javapoet/CodeWriter
instanceKlass com/squareup/javapoet/JavaFile$Builder
instanceKlass com/squareup/javapoet/JavaFile$1
instanceKlass com/squareup/javapoet/JavaFile
instanceKlass com/squareup/javapoet/FieldSpec$Builder
instanceKlass com/squareup/javapoet/FieldSpec
instanceKlass com/squareup/javapoet/CodeBlock$Builder
instanceKlass com/squareup/javapoet/CodeBlock
instanceKlass com/squareup/javapoet/Util
instanceKlass com/squareup/javapoet/TypeName
instanceKlass com/squareup/javapoet/TypeSpec$Builder
instanceKlass com/squareup/javapoet/TypeSpec
instanceKlass android/databinding/annotationprocessor/ProcessBindable$$Lambda$890
instanceKlass android/databinding/tool/writer/BRWriter
instanceKlass android/databinding/annotationprocessor/BindableBag$BRWithValues
instanceKlass android/databinding/annotationprocessor/BindableBag$IdBag
instanceKlass android/databinding/annotationprocessor/BindableBag$PackageProps
instanceKlass kotlin/ranges/RangesKt__RangesJVMKt
instanceKlass android/databinding/annotationprocessor/BindableBag$Companion
instanceKlass android/databinding/annotationprocessor/BindableBag
instanceKlass android/databinding/annotationprocessor/ProcessBindable$IntermediateV1
instanceKlass android/databinding/tool/writer/ComponentWriter
instanceKlass android/databinding/annotationprocessor/ProcessExpressions$IntermediateV1
instanceKlass android/databinding/tool/DataBinder
instanceKlass android/databinding/tool/store/ResourceBundle$$Lambda$889
instanceKlass android/databinding/tool/reflection/ImportBag
instanceKlass android/databinding/tool/CompilerChef
instanceKlass android/databinding/annotationprocessor/ProcessExpressions$Intermediate
instanceKlass android/databinding/annotationprocessor/ProcessExpressionsFromV1Compat$Companion
instanceKlass android/databinding/annotationprocessor/ProcessExpressionsFromV1Compat
instanceKlass android/databinding/tool/store/ResourceBundle$$Lambda$888
instanceKlass com/google/gson/internal/LinkedTreeMap$LinkedTreeMapIterator
instanceKlass com/google/gson/internal/LinkedTreeMap$Node
instanceKlass com/google/gson/internal/LinkedTreeMap$1
instanceKlass com/google/gson/internal/ConstructorConstructor$6
instanceKlass android/databinding/tool/store/GenClassInfoLog$GenClassImpl$Companion
instanceKlass android/databinding/tool/store/GenClassInfoLog$GenClassImpl
instanceKlass com/google/gson/internal/ConstructorConstructor$13
instanceKlass android/databinding/tool/store/GenClassInfoLog$GenClass
instanceKlass kotlin/jvm/internal/DefaultConstructorMarker
instanceKlass org/apache/commons/io/filefilter/ConditionalFileFilter
instanceKlass org/apache/commons/io/filefilter/FileFilterUtils
instanceKlass org/apache/commons/io/filefilter/TrueFileFilter
instanceKlass org/apache/commons/io/FilenameUtils
instanceKlass org/apache/commons/io/IOCase
instanceKlass org/apache/commons/io/filefilter/AbstractFileFilter
instanceKlass android/databinding/tool/store/GenClassInfoLog$Companion
instanceKlass android/databinding/tool/store/GenClassInfoLog
instanceKlass android/databinding/tool/processing/scopes/ScopeProvider
instanceKlass android/databinding/tool/store/ResourceBundle$ValidateAndFilterCallback
instanceKlass android/databinding/tool/store/ResourceBundle
instanceKlass kotlin/Unit
instanceKlass com/google/gson/internal/Streams
instanceKlass android/databinding/annotationprocessor/AnnotationUtil
instanceKlass org/apache/commons/io/IOUtils
instanceKlass org/apache/commons/io/filefilter/IOFileFilter
instanceKlass org/apache/commons/io/FileUtils
instanceKlass android/databinding/tool/reflection/SdkUtil$ApiChecker
instanceKlass android/databinding/tool/reflection/SdkUtil
instanceKlass android/databinding/tool/store/SetterStore$1
instanceKlass kotlin/collections/EmptyIterator
instanceKlass android/databinding/tool/store/BindingAdapterStore$Companion$merge$1$1$1
instanceKlass android/databinding/tool/store/BindingAdapterStore$Companion$merge$1
instanceKlass kotlin/io/CloseableKt
instanceKlass android/databinding/tool/reflection/ModelMethod
instanceKlass com/google/gson/internal/$Gson$Types$GenericArrayTypeImpl
instanceKlass android/databinding/tool/store/SetterStore$MultiValueAdapterKey
instanceKlass com/google/gson/internal/ConstructorConstructor$3
instanceKlass android/databinding/tool/store/SetterStore$InverseMethodDescription
instanceKlass android/databinding/tool/store/SetterStore$MultiAttributeSetter
instanceKlass android/databinding/tool/store/SetterStore$ViewDataBindingEventSetter
instanceKlass android/databinding/tool/store/SetterStore$ViewDataBindingGetterCall
instanceKlass android/databinding/tool/store/SetterStore$ViewGetterCall
instanceKlass android/databinding/tool/store/SetterStore$AdapterGetter
instanceKlass android/databinding/tool/store/SetterStore$InverseMethod
instanceKlass com/google/gson/internal/$Gson$Types$ParameterizedTypeImpl
instanceKlass android/databinding/tool/store/SetterStore$MethodDescription
instanceKlass android/databinding/tool/store/SetterStore$AccessorKey
instanceKlass com/google/gson/internal/Primitives
instanceKlass com/google/gson/annotations/SerializedName
instanceKlass android/databinding/tool/store/BindingAdapterStore$Companion
instanceKlass com/google/gson/internal/UnsafeAllocator
instanceKlass com/google/gson/internal/ConstructorConstructor$14
instanceKlass android/databinding/tool/store/SetterStore$IntermediateV1
instanceKlass kotlin/annotation/Target
instanceKlass kotlin/annotation/Retention
instanceKlass kotlin/Metadata
instanceKlass com/google/gson/annotations/JsonAdapter
instanceKlass com/google/gson/internal/JsonReaderInternalAccess
instanceKlass kotlin/text/Charsets
instanceKlass android/databinding/tool/store/BindingAdapterStore
instanceKlass kotlin/collections/EmptyList
instanceKlass kotlin/collections/CollectionsKt__CollectionsJVMKt
instanceKlass kotlin/collections/AbstractIterator$WhenMappings
instanceKlass kotlin/_Assertions
instanceKlass kotlin/io/FileTreeWalk$WalkState
instanceKlass kotlin/io/FileTreeWalk$FileTreeWalkIterator$WhenMappings
instanceKlass kotlin/collections/AbstractIterator
instanceKlass kotlin/sequences/TransformingSequence$iterator$1
instanceKlass kotlin/sequences/FilteringSequence$iterator$1
instanceKlass kotlin/jvm/internal/markers/KMappedMarker
instanceKlass kotlin/sequences/TransformingSequence
instanceKlass kotlin/sequences/FilteringSequence
instanceKlass kotlin/sequences/SequencesKt__SequenceBuilderKt
instanceKlass kotlin/io/FileTreeWalk
instanceKlass kotlin/sequences/Sequence
instanceKlass kotlin/io/FilesKt__FilePathComponentsKt
instanceKlass android/databinding/tool/store/SetterStore$Intermediate
instanceKlass android/databinding/tool/store/SetterStore$SetterCall
instanceKlass android/databinding/tool/store/SetterStore$BindingGetterCall
instanceKlass android/databinding/tool/store/SetterStore$BindingSetterCall
instanceKlass android/databinding/tool/store/SetterStore
instanceKlass android/databinding/tool/reflection/ClassFinderCache
instanceKlass android/databinding/tool/reflection/ModelAnalyzer$Companion
instanceKlass android/databinding/tool/reflection/ModelClass
instanceKlass android/databinding/tool/reflection/TypeUtil
instanceKlass android/databinding/tool/reflection/ModelAnalyzer
instanceKlass com/google/gson/internal/bind/ReflectiveTypeAdapterFactory$BoundField
instanceKlass com/google/gson/internal/bind/ReflectiveTypeAdapterFactory
instanceKlass com/google/gson/internal/bind/JsonAdapterAnnotationTypeAdapterFactory
instanceKlass com/google/gson/internal/bind/MapTypeAdapterFactory
instanceKlass com/google/gson/internal/bind/CollectionTypeAdapterFactory
instanceKlass com/google/gson/internal/bind/ArrayTypeAdapter$1
instanceKlass com/google/gson/internal/bind/SqlDateTypeAdapter$1
instanceKlass com/google/gson/internal/bind/TimeTypeAdapter$1
instanceKlass com/google/gson/internal/bind/DateTypeAdapter$1
instanceKlass com/google/gson/internal/bind/ObjectTypeAdapter$1
instanceKlass com/google/gson/internal/bind/TypeAdapters$30
instanceKlass com/google/gson/internal/bind/TypeAdapters$34
instanceKlass com/google/gson/internal/bind/TypeAdapters$26
instanceKlass com/google/gson/internal/bind/TypeAdapters$35
instanceKlass com/google/gson/internal/bind/TypeAdapters$33
instanceKlass com/google/gson/internal/bind/TypeAdapters$32
instanceKlass com/google/gson/internal/bind/TypeAdapters
instanceKlass com/google/gson/internal/JavaVersion
instanceKlass com/google/gson/internal/reflect/ReflectionAccessor
instanceKlass com/google/gson/internal/ObjectConstructor
instanceKlass com/google/gson/internal/ConstructorConstructor
instanceKlass com/google/gson/internal/$Gson$Types
instanceKlass com/google/gson/internal/$Gson$Preconditions
instanceKlass com/google/gson/reflect/TypeToken
instanceKlass com/google/gson/stream/JsonWriter
instanceKlass com/google/gson/stream/JsonReader
instanceKlass com/google/gson/Gson
instanceKlass com/google/gson/JsonElement
instanceKlass com/google/gson/internal/Excluder
instanceKlass com/google/gson/TypeAdapterFactory
instanceKlass com/google/gson/TypeAdapter
instanceKlass com/google/gson/FieldNamingStrategy
instanceKlass com/google/gson/GsonBuilder
instanceKlass android/databinding/tool/util/GenerationalClassUtil$Companion
instanceKlass android/databinding/tool/util/GenerationalClassUtil
instanceKlass androidx/databinding/Untaggable
instanceKlass androidx/databinding/InverseMethod
instanceKlass androidx/databinding/InverseBindingMethods
instanceKlass androidx/databinding/InverseBindingAdapter
instanceKlass androidx/databinding/BindingConversion
instanceKlass androidx/databinding/BindingMethods
instanceKlass androidx/databinding/BindingAdapter
instanceKlass androidx/databinding/Bindable
instanceKlass kotlin/UNINITIALIZED_VALUE
instanceKlass kotlin/UnsafeLazyImpl
instanceKlass kotlin/Lazy
instanceKlass kotlin/LazyKt$WhenMappings
instanceKlass kotlin/LazyKt__LazyJVMKt
instanceKlass kotlin/jvm/internal/Lambda
instanceKlass kotlin/collections/MapsKt__MapWithDefaultKt
instanceKlass kotlin/TuplesKt
instanceKlass kotlin/Pair
instanceKlass android/databinding/tool/LibTypes$Companion
instanceKlass kotlin/jvm/internal/ClassReference
instanceKlass kotlin/jvm/internal/ClassBasedDeclarationContainer
instanceKlass kotlin/jvm/internal/FunctionBase
instanceKlass kotlin/reflect/KMutableProperty2
instanceKlass kotlin/reflect/KProperty2
instanceKlass kotlin/jvm/functions/Function2
instanceKlass kotlin/reflect/KMutableProperty1
instanceKlass kotlin/reflect/KMutableProperty0
instanceKlass kotlin/reflect/KMutableProperty
instanceKlass kotlin/reflect/KProperty0
instanceKlass kotlin/jvm/functions/Function0
instanceKlass kotlin/reflect/KType
instanceKlass kotlin/reflect/KClass
instanceKlass kotlin/jvm/internal/ReflectionFactory
instanceKlass kotlin/reflect/KClassifier
instanceKlass kotlin/jvm/internal/Reflection
instanceKlass kotlin/jvm/internal/CallableReference$NoReceiver
instanceKlass kotlin/reflect/KProperty$Getter
instanceKlass kotlin/reflect/KFunction
instanceKlass kotlin/reflect/KProperty$Accessor
instanceKlass kotlin/jvm/internal/CallableReference
instanceKlass kotlin/reflect/KProperty1
instanceKlass kotlin/jvm/functions/Function1
instanceKlass kotlin/Function
instanceKlass kotlin/reflect/KProperty
instanceKlass kotlin/reflect/KCallable
instanceKlass kotlin/reflect/KAnnotatedElement
instanceKlass kotlin/reflect/KDeclarationContainer
instanceKlass android/databinding/tool/LibTypes
instanceKlass android/databinding/tool/reflection/annotation/AnnotationLogger
instanceKlass android/databinding/tool/Context
instanceKlass android/databinding/annotationprocessor/ProcessDataBinding$1
instanceKlass android/databinding/annotationprocessor/ProcessBindable$Intermediate
instanceKlass android/databinding/annotationprocessor/ProcessDataBinding$ProcessingStep
instanceKlass android/databinding/tool/CompilerChef$BindableHolder
instanceKlass android/databinding/tool/util/L$$Lambda$887
instanceKlass android/databinding/tool/util/L$Client
instanceKlass android/databinding/tool/util/L
instanceKlass android/databinding/tool/util/Preconditions
instanceKlass kotlin/text/CharsKt__CharJVMKt
instanceKlass kotlin/text/StringsKt__IndentKt
instanceKlass kotlin/jvm/internal/Intrinsics
instanceKlass com/google/common/collect/SortedMapDifference
instanceKlass com/google/common/collect/MapDifference
instanceKlass com/google/common/collect/Maps$EntryTransformer
instanceKlass com/google/common/collect/UnmodifiableIterator
instanceKlass com/google/common/collect/BiMap
instanceKlass com/google/common/base/Converter
instanceKlass com/google/common/base/Function
instanceKlass com/google/common/collect/ImmutableMap
instanceKlass com/google/common/collect/Maps
instanceKlass com/google/common/collect/Sets
instanceKlass android/databinding/tool/CompilerArguments$Companion
instanceKlass android/databinding/tool/CompilerArguments
instanceKlass android/databinding/tool/writer/JavaFileWriter
instanceKlass android/databinding/annotationprocessor/ProcessDataBinding$Callback
instanceKlass org/gradle/internal/operations/DefaultBuildOperationQueue$1
instanceKlass android/databinding/tool/ext/Replacement
instanceKlass android/databinding/tool/ext/ExtKt
instanceKlass android/databinding/tool/processing/Scope
instanceKlass android/databinding/tool/writer/MergedBindingMapperWriter$Companion
instanceKlass android/databinding/tool/writer/MergedBindingMapperWriter
instanceKlass android/databinding/tool/store/FeatureInfoList$Companion
instanceKlass android/databinding/tool/store/FeatureInfoList
instanceKlass kotlin/jvm/internal/CollectionToArray
instanceKlass com/squareup/javapoet/ParameterSpec$Builder
instanceKlass com/squareup/javapoet/ParameterSpec
instanceKlass com/squareup/javapoet/AnnotationSpec$Builder
instanceKlass com/squareup/javapoet/MethodSpec$Builder
instanceKlass com/squareup/javapoet/MethodSpec
instanceKlass kotlin/collections/SlidingWindowKt
instanceKlass android/databinding/tool/writer/BindingMapperWriterV2$$special$$inlined$sortedBy$2
instanceKlass android/databinding/tool/writer/BindingMapperWriterV2$$special$$inlined$sortedBy$1
instanceKlass kotlin/collections/CollectionsKt___CollectionsKt$asSequence$$inlined$Sequence$1
instanceKlass android/databinding/tool/writer/BindingMapperWriterV2$Companion
instanceKlass android/databinding/tool/writer/BindingMapperWriterV2
instanceKlass android/databinding/tool/CompilerChef$$Lambda$886
instanceKlass android/databinding/tool/CompilerChef$$Lambda$885
instanceKlass com/squareup/javapoet/AnnotationSpec
instanceKlass com/squareup/javapoet/LineWrapper
instanceKlass com/squareup/javapoet/CodeWriter
instanceKlass com/squareup/javapoet/JavaFile$Builder
instanceKlass com/squareup/javapoet/JavaFile$1
instanceKlass com/squareup/javapoet/JavaFile
instanceKlass com/squareup/javapoet/FieldSpec$Builder
instanceKlass com/squareup/javapoet/FieldSpec
instanceKlass com/squareup/javapoet/CodeBlock$Builder
instanceKlass com/squareup/javapoet/CodeBlock
instanceKlass com/squareup/javapoet/Util
instanceKlass com/squareup/javapoet/TypeName
instanceKlass com/squareup/javapoet/TypeSpec$Builder
instanceKlass com/squareup/javapoet/TypeSpec
instanceKlass android/databinding/annotationprocessor/ProcessBindable$$Lambda$884
instanceKlass android/databinding/tool/writer/BRWriter
instanceKlass android/databinding/annotationprocessor/BindableBag$BRWithValues
instanceKlass android/databinding/annotationprocessor/BindableBag$IdBag
instanceKlass android/databinding/annotationprocessor/BindableBag$PackageProps
instanceKlass kotlin/ranges/RangesKt__RangesJVMKt
instanceKlass android/databinding/annotationprocessor/BindableBag$Companion
instanceKlass android/databinding/annotationprocessor/BindableBag
instanceKlass android/databinding/annotationprocessor/ProcessBindable$IntermediateV1
instanceKlass android/databinding/tool/writer/ComponentWriter
instanceKlass android/databinding/annotationprocessor/ProcessExpressions$IntermediateV1
instanceKlass android/databinding/tool/DataBinder
instanceKlass android/databinding/tool/store/ResourceBundle$$Lambda$883
instanceKlass android/databinding/tool/reflection/ImportBag
instanceKlass android/databinding/tool/CompilerChef
instanceKlass android/databinding/annotationprocessor/ProcessExpressions$Intermediate
instanceKlass android/databinding/annotationprocessor/ProcessExpressionsFromV1Compat$Companion
instanceKlass android/databinding/annotationprocessor/ProcessExpressionsFromV1Compat
instanceKlass android/databinding/tool/store/ResourceBundle$$Lambda$882
instanceKlass com/google/gson/internal/LinkedTreeMap$LinkedTreeMapIterator
instanceKlass com/google/gson/internal/LinkedTreeMap$Node
instanceKlass com/google/gson/internal/LinkedTreeMap$1
instanceKlass com/google/gson/internal/ConstructorConstructor$6
instanceKlass android/databinding/tool/store/GenClassInfoLog$GenClassImpl$Companion
instanceKlass android/databinding/tool/store/GenClassInfoLog$GenClassImpl
instanceKlass com/google/gson/internal/ConstructorConstructor$13
instanceKlass android/databinding/tool/store/GenClassInfoLog$GenClass
instanceKlass kotlin/jvm/internal/DefaultConstructorMarker
instanceKlass org/apache/commons/io/filefilter/ConditionalFileFilter
instanceKlass org/apache/commons/io/filefilter/FileFilterUtils
instanceKlass org/apache/commons/io/filefilter/TrueFileFilter
instanceKlass org/apache/commons/io/FilenameUtils
instanceKlass org/apache/commons/io/IOCase
instanceKlass org/apache/commons/io/filefilter/AbstractFileFilter
instanceKlass android/databinding/tool/store/GenClassInfoLog$Companion
instanceKlass android/databinding/tool/store/GenClassInfoLog
instanceKlass android/databinding/tool/processing/scopes/ScopeProvider
instanceKlass android/databinding/tool/store/ResourceBundle$ValidateAndFilterCallback
instanceKlass android/databinding/tool/store/ResourceBundle
instanceKlass kotlin/Unit
instanceKlass com/google/gson/internal/Streams
instanceKlass android/databinding/annotationprocessor/AnnotationUtil
instanceKlass org/apache/commons/io/IOUtils
instanceKlass org/apache/commons/io/filefilter/IOFileFilter
instanceKlass org/apache/commons/io/FileUtils
instanceKlass android/databinding/tool/reflection/SdkUtil$ApiChecker
instanceKlass android/databinding/tool/reflection/SdkUtil
instanceKlass android/databinding/tool/store/SetterStore$1
instanceKlass kotlin/collections/EmptyIterator
instanceKlass android/databinding/tool/store/BindingAdapterStore$Companion$merge$1$1$1
instanceKlass android/databinding/tool/store/BindingAdapterStore$Companion$merge$1
instanceKlass kotlin/io/CloseableKt
instanceKlass android/databinding/tool/reflection/ModelMethod
instanceKlass com/google/gson/internal/$Gson$Types$GenericArrayTypeImpl
instanceKlass android/databinding/tool/store/SetterStore$MultiValueAdapterKey
instanceKlass com/google/gson/internal/ConstructorConstructor$3
instanceKlass android/databinding/tool/store/SetterStore$InverseMethodDescription
instanceKlass android/databinding/tool/store/SetterStore$MultiAttributeSetter
instanceKlass android/databinding/tool/store/SetterStore$ViewDataBindingEventSetter
instanceKlass android/databinding/tool/store/SetterStore$ViewDataBindingGetterCall
instanceKlass android/databinding/tool/store/SetterStore$ViewGetterCall
instanceKlass android/databinding/tool/store/SetterStore$AdapterGetter
instanceKlass android/databinding/tool/store/SetterStore$InverseMethod
instanceKlass com/google/gson/internal/$Gson$Types$ParameterizedTypeImpl
instanceKlass android/databinding/tool/store/SetterStore$MethodDescription
instanceKlass android/databinding/tool/store/SetterStore$AccessorKey
instanceKlass com/google/gson/internal/Primitives
instanceKlass com/google/gson/annotations/SerializedName
instanceKlass android/databinding/tool/store/BindingAdapterStore$Companion
instanceKlass com/google/gson/internal/UnsafeAllocator
instanceKlass com/google/gson/internal/ConstructorConstructor$14
instanceKlass android/databinding/tool/store/SetterStore$IntermediateV1
instanceKlass kotlin/annotation/Target
instanceKlass kotlin/annotation/Retention
instanceKlass kotlin/Metadata
instanceKlass com/google/gson/annotations/JsonAdapter
instanceKlass com/google/gson/internal/JsonReaderInternalAccess
instanceKlass kotlin/text/Charsets
instanceKlass android/databinding/tool/store/BindingAdapterStore
instanceKlass kotlin/collections/EmptyList
instanceKlass kotlin/collections/CollectionsKt__CollectionsJVMKt
instanceKlass kotlin/collections/AbstractIterator$WhenMappings
instanceKlass kotlin/_Assertions
instanceKlass kotlin/io/FileTreeWalk$WalkState
instanceKlass kotlin/io/FileTreeWalk$FileTreeWalkIterator$WhenMappings
instanceKlass kotlin/collections/AbstractIterator
instanceKlass kotlin/sequences/TransformingSequence$iterator$1
instanceKlass kotlin/sequences/FilteringSequence$iterator$1
instanceKlass kotlin/jvm/internal/markers/KMappedMarker
instanceKlass kotlin/sequences/TransformingSequence
instanceKlass kotlin/sequences/FilteringSequence
instanceKlass kotlin/sequences/SequencesKt__SequenceBuilderKt
instanceKlass kotlin/io/FileTreeWalk
instanceKlass kotlin/sequences/Sequence
instanceKlass kotlin/io/FilesKt__FilePathComponentsKt
instanceKlass android/databinding/tool/store/SetterStore$Intermediate
instanceKlass android/databinding/tool/store/SetterStore$SetterCall
instanceKlass android/databinding/tool/store/SetterStore$BindingGetterCall
instanceKlass android/databinding/tool/store/SetterStore$BindingSetterCall
instanceKlass android/databinding/tool/store/SetterStore
instanceKlass android/databinding/tool/reflection/ClassFinderCache
instanceKlass android/databinding/tool/reflection/ModelAnalyzer$Companion
instanceKlass android/databinding/tool/reflection/ModelClass
instanceKlass android/databinding/tool/reflection/TypeUtil
instanceKlass android/databinding/tool/reflection/ModelAnalyzer
instanceKlass com/google/gson/internal/bind/ReflectiveTypeAdapterFactory$BoundField
instanceKlass com/google/gson/internal/bind/ReflectiveTypeAdapterFactory
instanceKlass com/google/gson/internal/bind/JsonAdapterAnnotationTypeAdapterFactory
instanceKlass com/google/gson/internal/bind/MapTypeAdapterFactory
instanceKlass com/google/gson/internal/bind/CollectionTypeAdapterFactory
instanceKlass com/google/gson/internal/bind/ArrayTypeAdapter$1
instanceKlass com/google/gson/internal/bind/SqlDateTypeAdapter$1
instanceKlass com/google/gson/internal/bind/TimeTypeAdapter$1
instanceKlass com/google/gson/internal/bind/DateTypeAdapter$1
instanceKlass com/google/gson/internal/bind/ObjectTypeAdapter$1
instanceKlass com/google/gson/internal/bind/TypeAdapters$30
instanceKlass com/google/gson/internal/bind/TypeAdapters$34
instanceKlass com/google/gson/internal/bind/TypeAdapters$26
instanceKlass com/google/gson/internal/bind/TypeAdapters$35
instanceKlass com/google/gson/internal/bind/TypeAdapters$33
instanceKlass com/google/gson/internal/bind/TypeAdapters$32
instanceKlass com/google/gson/internal/bind/TypeAdapters
instanceKlass com/google/gson/internal/JavaVersion
instanceKlass com/google/gson/internal/reflect/ReflectionAccessor
instanceKlass com/google/gson/internal/ObjectConstructor
instanceKlass com/google/gson/internal/ConstructorConstructor
instanceKlass com/google/gson/internal/$Gson$Types
instanceKlass com/google/gson/internal/$Gson$Preconditions
instanceKlass com/google/gson/reflect/TypeToken
instanceKlass com/google/gson/stream/JsonWriter
instanceKlass com/google/gson/stream/JsonReader
instanceKlass com/google/gson/Gson
instanceKlass com/google/gson/JsonElement
instanceKlass com/google/gson/internal/Excluder
instanceKlass com/google/gson/TypeAdapterFactory
instanceKlass com/google/gson/TypeAdapter
instanceKlass com/google/gson/FieldNamingStrategy
instanceKlass com/google/gson/GsonBuilder
instanceKlass android/databinding/tool/util/GenerationalClassUtil$Companion
instanceKlass android/databinding/tool/util/GenerationalClassUtil
instanceKlass androidx/databinding/Untaggable
instanceKlass androidx/databinding/InverseMethod
instanceKlass androidx/databinding/InverseBindingMethods
instanceKlass androidx/databinding/InverseBindingAdapter
instanceKlass androidx/databinding/BindingConversion
instanceKlass androidx/databinding/BindingMethods
instanceKlass androidx/databinding/BindingAdapter
instanceKlass androidx/databinding/Bindable
instanceKlass kotlin/UNINITIALIZED_VALUE
instanceKlass kotlin/UnsafeLazyImpl
instanceKlass kotlin/Lazy
instanceKlass kotlin/LazyKt$WhenMappings
instanceKlass kotlin/LazyKt__LazyJVMKt
instanceKlass kotlin/jvm/internal/Lambda
instanceKlass kotlin/collections/MapsKt__MapWithDefaultKt
instanceKlass kotlin/TuplesKt
instanceKlass kotlin/Pair
instanceKlass android/databinding/tool/LibTypes$Companion
instanceKlass kotlin/jvm/internal/ClassReference
instanceKlass kotlin/jvm/internal/ClassBasedDeclarationContainer
instanceKlass kotlin/jvm/internal/FunctionBase
instanceKlass kotlin/reflect/KMutableProperty2
instanceKlass kotlin/reflect/KProperty2
instanceKlass kotlin/jvm/functions/Function2
instanceKlass kotlin/reflect/KMutableProperty1
instanceKlass kotlin/reflect/KMutableProperty0
instanceKlass kotlin/reflect/KMutableProperty
instanceKlass kotlin/reflect/KProperty0
instanceKlass kotlin/jvm/functions/Function0
instanceKlass kotlin/reflect/KType
instanceKlass kotlin/reflect/KClass
instanceKlass kotlin/jvm/internal/ReflectionFactory
instanceKlass kotlin/reflect/KClassifier
instanceKlass kotlin/jvm/internal/Reflection
instanceKlass kotlin/jvm/internal/CallableReference$NoReceiver
instanceKlass kotlin/reflect/KProperty$Getter
instanceKlass kotlin/reflect/KFunction
instanceKlass kotlin/reflect/KProperty$Accessor
instanceKlass kotlin/jvm/internal/CallableReference
instanceKlass kotlin/reflect/KProperty1
instanceKlass kotlin/jvm/functions/Function1
instanceKlass kotlin/Function
instanceKlass kotlin/reflect/KProperty
instanceKlass kotlin/reflect/KCallable
instanceKlass kotlin/reflect/KAnnotatedElement
instanceKlass kotlin/reflect/KDeclarationContainer
instanceKlass android/databinding/tool/LibTypes
instanceKlass android/databinding/tool/reflection/annotation/AnnotationLogger
instanceKlass android/databinding/tool/Context
instanceKlass android/databinding/annotationprocessor/ProcessDataBinding$1
instanceKlass android/databinding/annotationprocessor/ProcessBindable$Intermediate
instanceKlass android/databinding/annotationprocessor/ProcessDataBinding$ProcessingStep
instanceKlass android/databinding/tool/CompilerChef$BindableHolder
instanceKlass android/databinding/tool/util/L$$Lambda$881
instanceKlass android/databinding/tool/util/L$Client
instanceKlass android/databinding/tool/util/L
instanceKlass android/databinding/tool/util/Preconditions
instanceKlass kotlin/text/CharsKt__CharJVMKt
instanceKlass kotlin/text/StringsKt__IndentKt
instanceKlass kotlin/jvm/internal/Intrinsics
instanceKlass com/google/common/collect/SortedMapDifference
instanceKlass com/google/common/collect/MapDifference
instanceKlass com/google/common/collect/Maps$EntryTransformer
instanceKlass com/google/common/collect/UnmodifiableIterator
instanceKlass com/google/common/collect/BiMap
instanceKlass com/google/common/base/Converter
instanceKlass com/google/common/base/Function
instanceKlass com/google/common/collect/ImmutableMap
instanceKlass com/google/common/collect/Maps
instanceKlass com/google/common/collect/Sets
instanceKlass android/databinding/tool/CompilerArguments$Companion
instanceKlass android/databinding/tool/CompilerArguments
instanceKlass android/databinding/tool/writer/JavaFileWriter
instanceKlass android/databinding/annotationprocessor/ProcessDataBinding$Callback
instanceKlass org/gradle/api/internal/artifacts/ivyservice/resolveengine/graph/selectors/SelectorStateResolverResults$1
instanceKlass com/sun/tools/javac/util/GraphUtils$1
instanceKlass android/databinding/tool/ext/Replacement
instanceKlass android/databinding/tool/ext/ExtKt
instanceKlass android/databinding/tool/processing/Scope
instanceKlass android/databinding/tool/writer/MergedBindingMapperWriter$Companion
instanceKlass android/databinding/tool/writer/MergedBindingMapperWriter
instanceKlass android/databinding/tool/store/FeatureInfoList$Companion
instanceKlass android/databinding/tool/store/FeatureInfoList
instanceKlass kotlin/jvm/internal/CollectionToArray
instanceKlass com/squareup/javapoet/ParameterSpec$Builder
instanceKlass com/squareup/javapoet/ParameterSpec
instanceKlass com/squareup/javapoet/AnnotationSpec$Builder
instanceKlass com/squareup/javapoet/MethodSpec$Builder
instanceKlass com/squareup/javapoet/MethodSpec
instanceKlass kotlin/collections/SlidingWindowKt
instanceKlass android/databinding/tool/writer/BindingMapperWriterV2$$special$$inlined$sortedBy$2
instanceKlass android/databinding/tool/writer/BindingMapperWriterV2$$special$$inlined$sortedBy$1
instanceKlass kotlin/collections/CollectionsKt___CollectionsKt$asSequence$$inlined$Sequence$1
instanceKlass android/databinding/tool/writer/BindingMapperWriterV2$Companion
instanceKlass android/databinding/tool/writer/BindingMapperWriterV2
instanceKlass android/databinding/tool/CompilerChef$$Lambda$880
instanceKlass android/databinding/tool/CompilerChef$$Lambda$879
instanceKlass com/squareup/javapoet/AnnotationSpec
instanceKlass com/squareup/javapoet/LineWrapper
instanceKlass com/squareup/javapoet/CodeWriter
instanceKlass com/squareup/javapoet/JavaFile$Builder
instanceKlass com/squareup/javapoet/JavaFile$1
instanceKlass com/squareup/javapoet/JavaFile
instanceKlass com/squareup/javapoet/FieldSpec$Builder
instanceKlass com/squareup/javapoet/FieldSpec
instanceKlass com/squareup/javapoet/CodeBlock$Builder
instanceKlass com/squareup/javapoet/CodeBlock
instanceKlass com/squareup/javapoet/Util
instanceKlass com/squareup/javapoet/TypeName
instanceKlass com/squareup/javapoet/TypeSpec$Builder
instanceKlass com/squareup/javapoet/TypeSpec
instanceKlass android/databinding/annotationprocessor/ProcessBindable$$Lambda$878
instanceKlass android/databinding/tool/writer/BRWriter
instanceKlass android/databinding/annotationprocessor/BindableBag$BRWithValues
instanceKlass android/databinding/annotationprocessor/BindableBag$IdBag
instanceKlass android/databinding/annotationprocessor/BindableBag$PackageProps
instanceKlass kotlin/ranges/RangesKt__RangesJVMKt
instanceKlass android/databinding/annotationprocessor/BindableBag$Companion
instanceKlass android/databinding/annotationprocessor/BindableBag
instanceKlass android/databinding/annotationprocessor/ProcessBindable$IntermediateV1
instanceKlass android/databinding/tool/writer/ComponentWriter
instanceKlass android/databinding/annotationprocessor/ProcessExpressions$IntermediateV1
instanceKlass android/databinding/tool/DataBinder
instanceKlass android/databinding/tool/store/ResourceBundle$$Lambda$877
instanceKlass android/databinding/tool/reflection/ImportBag
instanceKlass android/databinding/tool/CompilerChef
instanceKlass android/databinding/annotationprocessor/ProcessExpressions$Intermediate
instanceKlass android/databinding/annotationprocessor/ProcessExpressionsFromV1Compat$Companion
instanceKlass android/databinding/annotationprocessor/ProcessExpressionsFromV1Compat
instanceKlass android/databinding/tool/store/ResourceBundle$$Lambda$876
instanceKlass com/google/gson/internal/LinkedTreeMap$LinkedTreeMapIterator
instanceKlass com/google/gson/internal/LinkedTreeMap$Node
instanceKlass com/google/gson/internal/LinkedTreeMap$1
instanceKlass com/google/gson/internal/ConstructorConstructor$6
instanceKlass android/databinding/tool/store/GenClassInfoLog$GenClassImpl$Companion
instanceKlass android/databinding/tool/store/GenClassInfoLog$GenClassImpl
instanceKlass com/google/gson/internal/ConstructorConstructor$13
instanceKlass android/databinding/tool/store/GenClassInfoLog$GenClass
instanceKlass kotlin/jvm/internal/DefaultConstructorMarker
instanceKlass org/apache/commons/io/filefilter/ConditionalFileFilter
instanceKlass org/apache/commons/io/filefilter/FileFilterUtils
instanceKlass org/apache/commons/io/filefilter/TrueFileFilter
instanceKlass org/apache/commons/io/FilenameUtils
instanceKlass org/apache/commons/io/IOCase
instanceKlass org/apache/commons/io/filefilter/AbstractFileFilter
instanceKlass android/databinding/tool/store/GenClassInfoLog$Companion
instanceKlass android/databinding/tool/store/GenClassInfoLog
instanceKlass android/databinding/tool/processing/scopes/ScopeProvider
instanceKlass android/databinding/tool/store/ResourceBundle$ValidateAndFilterCallback
instanceKlass android/databinding/tool/store/ResourceBundle
instanceKlass kotlin/Unit
instanceKlass com/google/gson/internal/Streams
instanceKlass android/databinding/annotationprocessor/AnnotationUtil
instanceKlass org/apache/commons/io/IOUtils
instanceKlass org/apache/commons/io/filefilter/IOFileFilter
instanceKlass org/apache/commons/io/FileUtils
instanceKlass android/databinding/tool/reflection/SdkUtil$ApiChecker
instanceKlass android/databinding/tool/reflection/SdkUtil
instanceKlass android/databinding/tool/store/SetterStore$1
instanceKlass kotlin/collections/EmptyIterator
instanceKlass android/databinding/tool/store/BindingAdapterStore$Companion$merge$1$1$1
instanceKlass android/databinding/tool/store/BindingAdapterStore$Companion$merge$1
instanceKlass kotlin/io/CloseableKt
instanceKlass android/databinding/tool/reflection/ModelMethod
instanceKlass com/google/gson/internal/$Gson$Types$GenericArrayTypeImpl
instanceKlass android/databinding/tool/store/SetterStore$MultiValueAdapterKey
instanceKlass com/google/gson/internal/ConstructorConstructor$3
instanceKlass android/databinding/tool/store/SetterStore$InverseMethodDescription
instanceKlass android/databinding/tool/store/SetterStore$MultiAttributeSetter
instanceKlass android/databinding/tool/store/SetterStore$ViewDataBindingEventSetter
instanceKlass android/databinding/tool/store/SetterStore$ViewDataBindingGetterCall
instanceKlass android/databinding/tool/store/SetterStore$ViewGetterCall
instanceKlass android/databinding/tool/store/SetterStore$AdapterGetter
instanceKlass android/databinding/tool/store/SetterStore$InverseMethod
instanceKlass com/google/gson/internal/$Gson$Types$ParameterizedTypeImpl
instanceKlass android/databinding/tool/store/SetterStore$MethodDescription
instanceKlass android/databinding/tool/store/SetterStore$AccessorKey
instanceKlass com/google/gson/internal/Primitives
instanceKlass com/google/gson/annotations/SerializedName
instanceKlass android/databinding/tool/store/BindingAdapterStore$Companion
instanceKlass com/google/gson/internal/UnsafeAllocator
instanceKlass com/google/gson/internal/ConstructorConstructor$14
instanceKlass android/databinding/tool/store/SetterStore$IntermediateV1
instanceKlass kotlin/annotation/Target
instanceKlass kotlin/annotation/Retention
instanceKlass kotlin/Metadata
instanceKlass com/google/gson/annotations/JsonAdapter
instanceKlass com/google/gson/internal/JsonReaderInternalAccess
instanceKlass kotlin/text/Charsets
instanceKlass android/databinding/tool/store/BindingAdapterStore
instanceKlass kotlin/collections/EmptyList
instanceKlass kotlin/collections/CollectionsKt__CollectionsJVMKt
instanceKlass kotlin/collections/AbstractIterator$WhenMappings
instanceKlass kotlin/_Assertions
instanceKlass kotlin/io/FileTreeWalk$WalkState
instanceKlass kotlin/io/FileTreeWalk$FileTreeWalkIterator$WhenMappings
instanceKlass kotlin/collections/AbstractIterator
instanceKlass kotlin/sequences/TransformingSequence$iterator$1
instanceKlass kotlin/sequences/FilteringSequence$iterator$1
instanceKlass kotlin/jvm/internal/markers/KMappedMarker
instanceKlass kotlin/sequences/TransformingSequence
instanceKlass kotlin/sequences/FilteringSequence
instanceKlass kotlin/sequences/SequencesKt__SequenceBuilderKt
instanceKlass kotlin/io/FileTreeWalk
instanceKlass kotlin/sequences/Sequence
instanceKlass kotlin/io/FilesKt__FilePathComponentsKt
instanceKlass android/databinding/tool/store/SetterStore$Intermediate
instanceKlass android/databinding/tool/store/SetterStore$SetterCall
instanceKlass android/databinding/tool/store/SetterStore$BindingGetterCall
instanceKlass android/databinding/tool/store/SetterStore$BindingSetterCall
instanceKlass android/databinding/tool/store/SetterStore
instanceKlass android/databinding/tool/reflection/ClassFinderCache
instanceKlass android/databinding/tool/reflection/ModelAnalyzer$Companion
instanceKlass android/databinding/tool/reflection/ModelClass
instanceKlass android/databinding/tool/reflection/TypeUtil
instanceKlass android/databinding/tool/reflection/ModelAnalyzer
instanceKlass com/google/gson/internal/bind/ReflectiveTypeAdapterFactory$BoundField
instanceKlass com/google/gson/internal/bind/ReflectiveTypeAdapterFactory
instanceKlass com/google/gson/internal/bind/JsonAdapterAnnotationTypeAdapterFactory
instanceKlass com/google/gson/internal/bind/MapTypeAdapterFactory
instanceKlass com/google/gson/internal/bind/CollectionTypeAdapterFactory
instanceKlass com/google/gson/internal/bind/ArrayTypeAdapter$1
instanceKlass com/google/gson/internal/bind/SqlDateTypeAdapter$1
instanceKlass com/google/gson/internal/bind/TimeTypeAdapter$1
instanceKlass com/google/gson/internal/bind/DateTypeAdapter$1
instanceKlass com/google/gson/internal/bind/ObjectTypeAdapter$1
instanceKlass com/google/gson/internal/bind/TypeAdapters$30
instanceKlass com/google/gson/internal/bind/TypeAdapters$34
instanceKlass com/google/gson/internal/bind/TypeAdapters$26
instanceKlass com/google/gson/internal/bind/TypeAdapters$35
instanceKlass com/google/gson/internal/bind/TypeAdapters$33
instanceKlass com/google/gson/internal/bind/TypeAdapters$32
instanceKlass com/google/gson/internal/bind/TypeAdapters
instanceKlass com/google/gson/internal/JavaVersion
instanceKlass com/google/gson/internal/reflect/ReflectionAccessor
instanceKlass com/google/gson/internal/ObjectConstructor
instanceKlass com/google/gson/internal/ConstructorConstructor
instanceKlass com/google/gson/internal/$Gson$Types
instanceKlass com/google/gson/internal/$Gson$Preconditions
instanceKlass com/google/gson/reflect/TypeToken
instanceKlass com/google/gson/stream/JsonWriter
instanceKlass com/google/gson/stream/JsonReader
instanceKlass com/google/gson/Gson
instanceKlass com/google/gson/JsonElement
instanceKlass com/google/gson/internal/Excluder
instanceKlass com/google/gson/TypeAdapterFactory
instanceKlass com/google/gson/TypeAdapter
instanceKlass com/google/gson/FieldNamingStrategy
instanceKlass com/google/gson/GsonBuilder
instanceKlass android/databinding/tool/util/GenerationalClassUtil$Companion
instanceKlass android/databinding/tool/util/GenerationalClassUtil
instanceKlass androidx/databinding/Untaggable
instanceKlass androidx/databinding/InverseMethod
instanceKlass androidx/databinding/InverseBindingMethods
instanceKlass androidx/databinding/InverseBindingAdapter
instanceKlass androidx/databinding/BindingConversion
instanceKlass androidx/databinding/BindingMethods
instanceKlass androidx/databinding/BindingAdapter
instanceKlass androidx/databinding/Bindable
instanceKlass kotlin/UNINITIALIZED_VALUE
instanceKlass kotlin/UnsafeLazyImpl
instanceKlass kotlin/Lazy
instanceKlass kotlin/LazyKt$WhenMappings
instanceKlass kotlin/LazyKt__LazyJVMKt
instanceKlass kotlin/jvm/internal/Lambda
instanceKlass kotlin/collections/MapsKt__MapWithDefaultKt
instanceKlass kotlin/TuplesKt
instanceKlass kotlin/Pair
instanceKlass android/databinding/tool/LibTypes$Companion
instanceKlass kotlin/jvm/internal/ClassReference
instanceKlass kotlin/jvm/internal/ClassBasedDeclarationContainer
instanceKlass kotlin/jvm/internal/FunctionBase
instanceKlass kotlin/reflect/KMutableProperty2
instanceKlass kotlin/reflect/KProperty2
instanceKlass kotlin/jvm/functions/Function2
instanceKlass kotlin/reflect/KMutableProperty1
instanceKlass kotlin/reflect/KMutableProperty0
instanceKlass kotlin/reflect/KMutableProperty
instanceKlass kotlin/reflect/KProperty0
instanceKlass kotlin/jvm/functions/Function0
instanceKlass kotlin/reflect/KType
instanceKlass kotlin/reflect/KClass
instanceKlass kotlin/jvm/internal/ReflectionFactory
instanceKlass kotlin/reflect/KClassifier
instanceKlass kotlin/jvm/internal/Reflection
instanceKlass kotlin/jvm/internal/CallableReference$NoReceiver
instanceKlass kotlin/reflect/KProperty$Getter
instanceKlass kotlin/reflect/KFunction
instanceKlass kotlin/reflect/KProperty$Accessor
instanceKlass kotlin/jvm/internal/CallableReference
instanceKlass kotlin/reflect/KProperty1
instanceKlass kotlin/jvm/functions/Function1
instanceKlass kotlin/Function
instanceKlass kotlin/reflect/KProperty
instanceKlass kotlin/reflect/KCallable
instanceKlass kotlin/reflect/KAnnotatedElement
instanceKlass kotlin/reflect/KDeclarationContainer
instanceKlass android/databinding/tool/LibTypes
instanceKlass android/databinding/tool/reflection/annotation/AnnotationLogger
instanceKlass android/databinding/tool/Context
instanceKlass android/databinding/annotationprocessor/ProcessDataBinding$1
instanceKlass android/databinding/annotationprocessor/ProcessBindable$Intermediate
instanceKlass android/databinding/annotationprocessor/ProcessDataBinding$ProcessingStep
instanceKlass android/databinding/tool/CompilerChef$BindableHolder
instanceKlass android/databinding/tool/util/L$$Lambda$875
instanceKlass android/databinding/tool/util/L$Client
instanceKlass android/databinding/tool/util/L
instanceKlass android/databinding/tool/util/Preconditions
instanceKlass kotlin/text/CharsKt__CharJVMKt
instanceKlass kotlin/text/StringsKt__IndentKt
instanceKlass kotlin/jvm/internal/Intrinsics
instanceKlass com/google/common/collect/SortedMapDifference
instanceKlass com/google/common/collect/MapDifference
instanceKlass com/google/common/collect/Maps$EntryTransformer
instanceKlass com/google/common/collect/UnmodifiableIterator
instanceKlass com/google/common/collect/BiMap
instanceKlass com/google/common/base/Converter
instanceKlass com/google/common/base/Function
instanceKlass com/google/common/collect/ImmutableMap
instanceKlass com/google/common/collect/Maps
instanceKlass com/google/common/collect/Sets
instanceKlass android/databinding/tool/CompilerArguments$Companion
instanceKlass android/databinding/tool/CompilerArguments
instanceKlass android/databinding/tool/writer/JavaFileWriter
instanceKlass android/databinding/annotationprocessor/ProcessDataBinding$Callback
instanceKlass com/android/tools/r8/ProgramResource$a
instanceKlass android/databinding/tool/ext/Replacement
instanceKlass android/databinding/tool/ext/ExtKt
instanceKlass android/databinding/tool/processing/Scope
instanceKlass android/databinding/tool/writer/MergedBindingMapperWriter$Companion
instanceKlass android/databinding/tool/writer/MergedBindingMapperWriter
instanceKlass android/databinding/tool/store/FeatureInfoList$Companion
instanceKlass android/databinding/tool/store/FeatureInfoList
instanceKlass kotlin/jvm/internal/CollectionToArray
instanceKlass com/squareup/javapoet/ParameterSpec$Builder
instanceKlass com/squareup/javapoet/ParameterSpec
instanceKlass com/squareup/javapoet/AnnotationSpec$Builder
instanceKlass com/squareup/javapoet/MethodSpec$Builder
instanceKlass com/squareup/javapoet/MethodSpec
instanceKlass kotlin/collections/SlidingWindowKt
instanceKlass android/databinding/tool/writer/BindingMapperWriterV2$$special$$inlined$sortedBy$2
instanceKlass android/databinding/tool/writer/BindingMapperWriterV2$$special$$inlined$sortedBy$1
instanceKlass kotlin/collections/CollectionsKt___CollectionsKt$asSequence$$inlined$Sequence$1
instanceKlass android/databinding/tool/writer/BindingMapperWriterV2$Companion
instanceKlass android/databinding/tool/writer/BindingMapperWriterV2
instanceKlass android/databinding/tool/CompilerChef$$Lambda$874
instanceKlass android/databinding/tool/CompilerChef$$Lambda$873
instanceKlass com/squareup/javapoet/AnnotationSpec
instanceKlass com/squareup/javapoet/LineWrapper
instanceKlass com/squareup/javapoet/CodeWriter
instanceKlass com/squareup/javapoet/JavaFile$Builder
instanceKlass com/squareup/javapoet/JavaFile$1
instanceKlass com/squareup/javapoet/JavaFile
instanceKlass com/squareup/javapoet/FieldSpec$Builder
instanceKlass com/squareup/javapoet/FieldSpec
instanceKlass com/squareup/javapoet/CodeBlock$Builder
instanceKlass com/squareup/javapoet/CodeBlock
instanceKlass com/squareup/javapoet/Util
instanceKlass com/squareup/javapoet/TypeName
instanceKlass com/squareup/javapoet/TypeSpec$Builder
instanceKlass com/squareup/javapoet/TypeSpec
instanceKlass android/databinding/annotationprocessor/ProcessBindable$$Lambda$872
instanceKlass android/databinding/tool/writer/BRWriter
instanceKlass android/databinding/annotationprocessor/BindableBag$BRWithValues
instanceKlass android/databinding/annotationprocessor/BindableBag$IdBag
instanceKlass android/databinding/annotationprocessor/BindableBag$PackageProps
instanceKlass kotlin/ranges/RangesKt__RangesJVMKt
instanceKlass android/databinding/annotationprocessor/BindableBag$Companion
instanceKlass android/databinding/annotationprocessor/BindableBag
instanceKlass android/databinding/annotationprocessor/ProcessBindable$IntermediateV1
instanceKlass android/databinding/tool/writer/ComponentWriter
instanceKlass android/databinding/annotationprocessor/ProcessExpressions$IntermediateV1
instanceKlass android/databinding/tool/DataBinder
instanceKlass android/databinding/tool/store/ResourceBundle$$Lambda$871
instanceKlass android/databinding/tool/reflection/ImportBag
instanceKlass android/databinding/tool/CompilerChef
instanceKlass android/databinding/annotationprocessor/ProcessExpressions$Intermediate
instanceKlass android/databinding/annotationprocessor/ProcessExpressionsFromV1Compat$Companion
instanceKlass android/databinding/annotationprocessor/ProcessExpressionsFromV1Compat
instanceKlass android/databinding/tool/store/ResourceBundle$$Lambda$870
instanceKlass com/google/gson/internal/LinkedTreeMap$LinkedTreeMapIterator
instanceKlass com/google/gson/internal/LinkedTreeMap$Node
instanceKlass com/google/gson/internal/LinkedTreeMap$1
instanceKlass com/google/gson/internal/ConstructorConstructor$6
instanceKlass android/databinding/tool/store/GenClassInfoLog$GenClassImpl$Companion
instanceKlass android/databinding/tool/store/GenClassInfoLog$GenClassImpl
instanceKlass com/google/gson/internal/ConstructorConstructor$13
instanceKlass android/databinding/tool/store/GenClassInfoLog$GenClass
instanceKlass kotlin/jvm/internal/DefaultConstructorMarker
instanceKlass org/apache/commons/io/filefilter/ConditionalFileFilter
instanceKlass org/apache/commons/io/filefilter/FileFilterUtils
instanceKlass org/apache/commons/io/filefilter/TrueFileFilter
instanceKlass org/apache/commons/io/FilenameUtils
instanceKlass org/apache/commons/io/IOCase
instanceKlass org/apache/commons/io/filefilter/AbstractFileFilter
instanceKlass android/databinding/tool/store/GenClassInfoLog$Companion
instanceKlass android/databinding/tool/store/GenClassInfoLog
instanceKlass android/databinding/tool/processing/scopes/ScopeProvider
instanceKlass android/databinding/tool/store/ResourceBundle$ValidateAndFilterCallback
instanceKlass android/databinding/tool/store/ResourceBundle
instanceKlass kotlin/Unit
instanceKlass com/google/gson/internal/Streams
instanceKlass android/databinding/annotationprocessor/AnnotationUtil
instanceKlass org/apache/commons/io/IOUtils
instanceKlass org/apache/commons/io/filefilter/IOFileFilter
instanceKlass org/apache/commons/io/FileUtils
instanceKlass android/databinding/tool/reflection/SdkUtil$ApiChecker
instanceKlass android/databinding/tool/reflection/SdkUtil
instanceKlass android/databinding/tool/store/SetterStore$1
instanceKlass kotlin/collections/EmptyIterator
instanceKlass android/databinding/tool/store/BindingAdapterStore$Companion$merge$1$1$1
instanceKlass android/databinding/tool/store/BindingAdapterStore$Companion$merge$1
instanceKlass kotlin/io/CloseableKt
instanceKlass android/databinding/tool/reflection/ModelMethod
instanceKlass com/google/gson/internal/$Gson$Types$GenericArrayTypeImpl
instanceKlass android/databinding/tool/store/SetterStore$MultiValueAdapterKey
instanceKlass com/google/gson/internal/ConstructorConstructor$3
instanceKlass android/databinding/tool/store/SetterStore$InverseMethodDescription
instanceKlass android/databinding/tool/store/SetterStore$MultiAttributeSetter
instanceKlass android/databinding/tool/store/SetterStore$ViewDataBindingEventSetter
instanceKlass android/databinding/tool/store/SetterStore$ViewDataBindingGetterCall
instanceKlass android/databinding/tool/store/SetterStore$ViewGetterCall
instanceKlass android/databinding/tool/store/SetterStore$AdapterGetter
instanceKlass android/databinding/tool/store/SetterStore$InverseMethod
instanceKlass com/google/gson/internal/$Gson$Types$ParameterizedTypeImpl
instanceKlass android/databinding/tool/store/SetterStore$MethodDescription
instanceKlass android/databinding/tool/store/SetterStore$AccessorKey
instanceKlass com/google/gson/internal/Primitives
instanceKlass com/google/gson/annotations/SerializedName
instanceKlass android/databinding/tool/store/BindingAdapterStore$Companion
instanceKlass com/google/gson/internal/UnsafeAllocator
instanceKlass com/google/gson/internal/ConstructorConstructor$14
instanceKlass android/databinding/tool/store/SetterStore$IntermediateV1
instanceKlass kotlin/annotation/Target
instanceKlass kotlin/annotation/Retention
instanceKlass kotlin/Metadata
instanceKlass com/google/gson/annotations/JsonAdapter
instanceKlass com/google/gson/internal/JsonReaderInternalAccess
instanceKlass kotlin/text/Charsets
instanceKlass android/databinding/tool/store/BindingAdapterStore
instanceKlass kotlin/collections/EmptyList
instanceKlass kotlin/collections/CollectionsKt__CollectionsJVMKt
instanceKlass kotlin/collections/AbstractIterator$WhenMappings
instanceKlass kotlin/_Assertions
instanceKlass kotlin/io/FileTreeWalk$WalkState
instanceKlass kotlin/io/FileTreeWalk$FileTreeWalkIterator$WhenMappings
instanceKlass kotlin/collections/AbstractIterator
instanceKlass kotlin/sequences/TransformingSequence$iterator$1
instanceKlass kotlin/sequences/FilteringSequence$iterator$1
instanceKlass kotlin/jvm/internal/markers/KMappedMarker
instanceKlass kotlin/sequences/TransformingSequence
instanceKlass kotlin/sequences/FilteringSequence
instanceKlass kotlin/sequences/SequencesKt__SequenceBuilderKt
instanceKlass kotlin/io/FileTreeWalk
instanceKlass kotlin/sequences/Sequence
instanceKlass kotlin/io/FilesKt__FilePathComponentsKt
instanceKlass android/databinding/tool/store/SetterStore$Intermediate
instanceKlass android/databinding/tool/store/SetterStore$SetterCall
instanceKlass android/databinding/tool/store/SetterStore$BindingGetterCall
instanceKlass android/databinding/tool/store/SetterStore$BindingSetterCall
instanceKlass android/databinding/tool/store/SetterStore
instanceKlass android/databinding/tool/reflection/ClassFinderCache
instanceKlass android/databinding/tool/reflection/ModelAnalyzer$Companion
instanceKlass android/databinding/tool/reflection/ModelClass
instanceKlass android/databinding/tool/reflection/TypeUtil
instanceKlass android/databinding/tool/reflection/ModelAnalyzer
instanceKlass com/google/gson/internal/bind/ReflectiveTypeAdapterFactory$BoundField
instanceKlass com/google/gson/internal/bind/ReflectiveTypeAdapterFactory
instanceKlass com/google/gson/internal/bind/JsonAdapterAnnotationTypeAdapterFactory
instanceKlass com/google/gson/internal/bind/MapTypeAdapterFactory
instanceKlass com/google/gson/internal/bind/CollectionTypeAdapterFactory
instanceKlass com/google/gson/internal/bind/ArrayTypeAdapter$1
instanceKlass com/google/gson/internal/bind/SqlDateTypeAdapter$1
instanceKlass com/google/gson/internal/bind/TimeTypeAdapter$1
instanceKlass com/google/gson/internal/bind/DateTypeAdapter$1
instanceKlass com/google/gson/internal/bind/ObjectTypeAdapter$1
instanceKlass com/google/gson/internal/bind/TypeAdapters$30
instanceKlass com/google/gson/internal/bind/TypeAdapters$34
instanceKlass com/google/gson/internal/bind/TypeAdapters$26
instanceKlass com/google/gson/internal/bind/TypeAdapters$35
instanceKlass com/google/gson/internal/bind/TypeAdapters$33
instanceKlass com/google/gson/internal/bind/TypeAdapters$32
instanceKlass com/google/gson/internal/bind/TypeAdapters
instanceKlass com/google/gson/internal/JavaVersion
instanceKlass com/google/gson/internal/reflect/ReflectionAccessor
instanceKlass com/google/gson/internal/ObjectConstructor
instanceKlass com/google/gson/internal/ConstructorConstructor
instanceKlass com/google/gson/internal/$Gson$Types
instanceKlass com/google/gson/internal/$Gson$Preconditions
instanceKlass com/google/gson/reflect/TypeToken
instanceKlass com/google/gson/stream/JsonWriter
instanceKlass com/google/gson/stream/JsonReader
instanceKlass com/google/gson/Gson
instanceKlass com/google/gson/JsonElement
instanceKlass com/google/gson/internal/Excluder
instanceKlass com/google/gson/TypeAdapterFactory
instanceKlass com/google/gson/TypeAdapter
instanceKlass com/google/gson/FieldNamingStrategy
instanceKlass com/google/gson/GsonBuilder
instanceKlass android/databinding/tool/util/GenerationalClassUtil$Companion
instanceKlass android/databinding/tool/util/GenerationalClassUtil
instanceKlass androidx/databinding/Untaggable
instanceKlass androidx/databinding/InverseMethod
instanceKlass androidx/databinding/InverseBindingMethods
instanceKlass androidx/databinding/InverseBindingAdapter
instanceKlass androidx/databinding/BindingConversion
instanceKlass androidx/databinding/BindingMethods
instanceKlass androidx/databinding/BindingAdapter
instanceKlass androidx/databinding/Bindable
instanceKlass kotlin/UNINITIALIZED_VALUE
instanceKlass kotlin/UnsafeLazyImpl
instanceKlass kotlin/Lazy
instanceKlass kotlin/LazyKt$WhenMappings
instanceKlass kotlin/LazyKt__LazyJVMKt
instanceKlass kotlin/jvm/internal/Lambda
instanceKlass kotlin/collections/MapsKt__MapWithDefaultKt
instanceKlass kotlin/TuplesKt
instanceKlass kotlin/Pair
instanceKlass android/databinding/tool/LibTypes$Companion
instanceKlass kotlin/jvm/internal/ClassReference
instanceKlass kotlin/jvm/internal/ClassBasedDeclarationContainer
instanceKlass kotlin/jvm/internal/FunctionBase
instanceKlass kotlin/reflect/KMutableProperty2
instanceKlass kotlin/reflect/KProperty2
instanceKlass kotlin/jvm/functions/Function2
instanceKlass kotlin/reflect/KMutableProperty1
instanceKlass kotlin/reflect/KMutableProperty0
instanceKlass kotlin/reflect/KMutableProperty
instanceKlass kotlin/reflect/KProperty0
instanceKlass kotlin/jvm/functions/Function0
instanceKlass kotlin/reflect/KType
instanceKlass kotlin/reflect/KClass
instanceKlass kotlin/jvm/internal/ReflectionFactory
instanceKlass kotlin/reflect/KClassifier
instanceKlass kotlin/jvm/internal/Reflection
instanceKlass kotlin/jvm/internal/CallableReference$NoReceiver
instanceKlass kotlin/reflect/KProperty$Getter
instanceKlass kotlin/reflect/KFunction
instanceKlass kotlin/reflect/KProperty$Accessor
instanceKlass kotlin/jvm/internal/CallableReference
instanceKlass kotlin/reflect/KProperty1
instanceKlass kotlin/jvm/functions/Function1
instanceKlass kotlin/Function
instanceKlass kotlin/reflect/KProperty
instanceKlass kotlin/reflect/KCallable
instanceKlass kotlin/reflect/KAnnotatedElement
instanceKlass kotlin/reflect/KDeclarationContainer
instanceKlass android/databinding/tool/LibTypes
instanceKlass android/databinding/tool/reflection/annotation/AnnotationLogger
instanceKlass android/databinding/tool/Context
instanceKlass android/databinding/annotationprocessor/ProcessDataBinding$1
instanceKlass android/databinding/annotationprocessor/ProcessBindable$Intermediate
instanceKlass android/databinding/annotationprocessor/ProcessDataBinding$ProcessingStep
instanceKlass android/databinding/tool/CompilerChef$BindableHolder
instanceKlass android/databinding/tool/util/L$$Lambda$869
instanceKlass android/databinding/tool/util/L$Client
instanceKlass android/databinding/tool/util/L
instanceKlass android/databinding/tool/util/Preconditions
instanceKlass kotlin/text/CharsKt__CharJVMKt
instanceKlass kotlin/text/StringsKt__IndentKt
instanceKlass kotlin/jvm/internal/Intrinsics
instanceKlass com/google/common/collect/SortedMapDifference
instanceKlass com/google/common/collect/MapDifference
instanceKlass com/google/common/collect/Maps$EntryTransformer
instanceKlass com/google/common/collect/UnmodifiableIterator
instanceKlass com/google/common/collect/BiMap
instanceKlass com/google/common/base/Converter
instanceKlass com/google/common/base/Function
instanceKlass com/google/common/collect/ImmutableMap
instanceKlass com/google/common/collect/Maps
instanceKlass com/google/common/collect/Sets
instanceKlass android/databinding/tool/CompilerArguments$Companion
instanceKlass android/databinding/tool/CompilerArguments
instanceKlass android/databinding/tool/writer/JavaFileWriter
instanceKlass android/databinding/annotationprocessor/ProcessDataBinding$Callback
instanceKlass sun/nio/cs/US_ASCII$1
instanceKlass com/android/manifmerger/XmlNode$1
instanceKlass org/gradle/api/internal/artifacts/ivyservice/resolveengine/artifact/DefaultArtifactSet$1
instanceKlass com/android/tools/r8/dex/DexParser$a
instanceKlass android/databinding/tool/ext/Replacement
instanceKlass android/databinding/tool/ext/ExtKt
instanceKlass android/databinding/tool/processing/Scope
instanceKlass android/databinding/tool/writer/MergedBindingMapperWriter$Companion
instanceKlass android/databinding/tool/writer/MergedBindingMapperWriter
instanceKlass android/databinding/tool/store/FeatureInfoList$Companion
instanceKlass android/databinding/tool/store/FeatureInfoList
instanceKlass kotlin/jvm/internal/CollectionToArray
instanceKlass com/squareup/javapoet/ParameterSpec$Builder
instanceKlass com/squareup/javapoet/ParameterSpec
instanceKlass com/squareup/javapoet/AnnotationSpec$Builder
instanceKlass com/squareup/javapoet/MethodSpec$Builder
instanceKlass com/squareup/javapoet/MethodSpec
instanceKlass kotlin/collections/SlidingWindowKt
instanceKlass android/databinding/tool/writer/BindingMapperWriterV2$$special$$inlined$sortedBy$2
instanceKlass android/databinding/tool/writer/BindingMapperWriterV2$$special$$inlined$sortedBy$1
instanceKlass kotlin/collections/CollectionsKt___CollectionsKt$asSequence$$inlined$Sequence$1
